2021-05-05 00:32:43,156 INFO org.apache.hadoop.hdfs.server.namenode.NameNode: STARTUP_MSG: 
/************************************************************
STARTUP_MSG: Starting NameNode
STARTUP_MSG:   host = ccfc7f280e8e/172.17.0.8
STARTUP_MSG:   args = []
STARTUP_MSG:   version = 2.7.5
STARTUP_MSG:   classpath = /usr/hadoop/hadoop-2.7.4/etc/hadoop:/usr/hadoop/hadoop-2.7.4/share/hadoop/common/lib/snappy-java-1.0.4.1.jar:/usr/hadoop/hadoop-2.7.4/share/hadoop/common/lib/commons-logging-1.1.3.jar:/usr/hadoop/hadoop-2.7.4/share/hadoop/common/lib/asm-3.2.jar:/usr/hadoop/hadoop-2.7.4/share/hadoop/common/lib/commons-io-2.4.jar:/usr/hadoop/hadoop-2.7.4/share/hadoop/common/lib/servlet-api-2.5.jar:/usr/hadoop/hadoop-2.7.4/share/hadoop/common/lib/apacheds-kerberos-codec-2.0.0-M15.jar:/usr/hadoop/hadoop-2.7.4/share/hadoop/common/lib/curator-recipes-2.7.1.jar:/usr/hadoop/hadoop-2.7.4/share/hadoop/common/lib/avro-1.7.4.jar:/usr/hadoop/hadoop-2.7.4/share/hadoop/common/lib/jackson-jaxrs-1.9.13.jar:/usr/hadoop/hadoop-2.7.4/share/hadoop/common/lib/commons-configuration-1.6.jar:/usr/hadoop/hadoop-2.7.4/share/hadoop/common/lib/zookeeper-3.4.6.jar:/usr/hadoop/hadoop-2.7.4/share/hadoop/common/lib/commons-cli-1.2.jar:/usr/hadoop/hadoop-2.7.4/share/hadoop/common/lib/jsch-0.1.54.jar:/usr/hadoop/hadoop-2.7.4/share/hadoop/common/lib/jsr305-3.0.0.jar:/usr/hadoop/hadoop-2.7.4/share/hadoop/common/lib/commons-lang-2.6.jar:/usr/hadoop/hadoop-2.7.4/share/hadoop/common/lib/api-asn1-api-1.0.0-M20.jar:/usr/hadoop/hadoop-2.7.4/share/hadoop/common/lib/commons-codec-1.4.jar:/usr/hadoop/hadoop-2.7.4/share/hadoop/common/lib/hamcrest-core-1.3.jar:/usr/hadoop/hadoop-2.7.4/share/hadoop/common/lib/httpcore-4.2.5.jar:/usr/hadoop/hadoop-2.7.4/share/hadoop/common/lib/jetty-6.1.26.jar:/usr/hadoop/hadoop-2.7.4/share/hadoop/common/lib/commons-math3-3.1.1.jar:/usr/hadoop/hadoop-2.7.4/share/hadoop/common/lib/stax-api-1.0-2.jar:/usr/hadoop/hadoop-2.7.4/share/hadoop/common/lib/commons-collections-3.2.2.jar:/usr/hadoop/hadoop-2.7.4/share/hadoop/common/lib/protobuf-java-2.5.0.jar:/usr/hadoop/hadoop-2.7.4/share/hadoop/common/lib/jersey-json-1.9.jar:/usr/hadoop/hadoop-2.7.4/share/hadoop/common/lib/jersey-core-1.9.jar:/usr/hadoop/hadoop-2.7.4/share/hadoop/common/lib/hadoop-annotations-2.7.5.jar:/usr/hadoop/hadoop-2.7.4/share/hadoop/common/lib/commons-compress-1.4.1.jar:/usr/hadoop/hadoop-2.7.4/share/hadoop/common/lib/mockito-all-1.8.5.jar:/usr/hadoop/hadoop-2.7.4/share/hadoop/common/lib/jackson-xc-1.9.13.jar:/usr/hadoop/hadoop-2.7.4/share/hadoop/common/lib/curator-framework-2.7.1.jar:/usr/hadoop/hadoop-2.7.4/share/hadoop/common/lib/paranamer-2.3.jar:/usr/hadoop/hadoop-2.7.4/share/hadoop/common/lib/activation-1.1.jar:/usr/hadoop/hadoop-2.7.4/share/hadoop/common/lib/jersey-server-1.9.jar:/usr/hadoop/hadoop-2.7.4/share/hadoop/common/lib/jaxb-api-2.2.2.jar:/usr/hadoop/hadoop-2.7.4/share/hadoop/common/lib/jsp-api-2.1.jar:/usr/hadoop/hadoop-2.7.4/share/hadoop/common/lib/junit-4.11.jar:/usr/hadoop/hadoop-2.7.4/share/hadoop/common/lib/commons-httpclient-3.1.jar:/usr/hadoop/hadoop-2.7.4/share/hadoop/common/lib/hadoop-auth-2.7.5.jar:/usr/hadoop/hadoop-2.7.4/share/hadoop/common/lib/xmlenc-0.52.jar:/usr/hadoop/hadoop-2.7.4/share/hadoop/common/lib/xz-1.0.jar:/usr/hadoop/hadoop-2.7.4/share/hadoop/common/lib/jaxb-impl-2.2.3-1.jar:/usr/hadoop/hadoop-2.7.4/share/hadoop/common/lib/log4j-1.2.17.jar:/usr/hadoop/hadoop-2.7.4/share/hadoop/common/lib/slf4j-log4j12-1.7.10.jar:/usr/hadoop/hadoop-2.7.4/share/hadoop/common/lib/curator-client-2.7.1.jar:/usr/hadoop/hadoop-2.7.4/share/hadoop/common/lib/jetty-util-6.1.26.jar:/usr/hadoop/hadoop-2.7.4/share/hadoop/common/lib/java-xmlbuilder-0.4.jar:/usr/hadoop/hadoop-2.7.4/share/hadoop/common/lib/httpclient-4.2.5.jar:/usr/hadoop/hadoop-2.7.4/share/hadoop/common/lib/jackson-core-asl-1.9.13.jar:/usr/hadoop/hadoop-2.7.4/share/hadoop/common/lib/apacheds-i18n-2.0.0-M15.jar:/usr/hadoop/hadoop-2.7.4/share/hadoop/common/lib/jettison-1.1.jar:/usr/hadoop/hadoop-2.7.4/share/hadoop/common/lib/jackson-mapper-asl-1.9.13.jar:/usr/hadoop/hadoop-2.7.4/share/hadoop/common/lib/jets3t-0.9.0.jar:/usr/hadoop/hadoop-2.7.4/share/hadoop/common/lib/slf4j-api-1.7.10.jar:/usr/hadoop/hadoop-2.7.4/share/hadoop/common/lib/jetty-sslengine-6.1.26.jar:/usr/hadoop/hadoop-2.7.4/share/hadoop/common/lib/netty-3.6.2.Final.jar:/usr/hadoop/hadoop-2.7.4/share/hadoop/common/lib/commons-digester-1.8.jar:/usr/hadoop/hadoop-2.7.4/share/hadoop/common/lib/commons-beanutils-1.7.0.jar:/usr/hadoop/hadoop-2.7.4/share/hadoop/common/lib/guava-11.0.2.jar:/usr/hadoop/hadoop-2.7.4/share/hadoop/common/lib/api-util-1.0.0-M20.jar:/usr/hadoop/hadoop-2.7.4/share/hadoop/common/lib/htrace-core-3.1.0-incubating.jar:/usr/hadoop/hadoop-2.7.4/share/hadoop/common/lib/commons-beanutils-core-1.8.0.jar:/usr/hadoop/hadoop-2.7.4/share/hadoop/common/lib/commons-net-3.1.jar:/usr/hadoop/hadoop-2.7.4/share/hadoop/common/lib/gson-2.2.4.jar:/usr/hadoop/hadoop-2.7.4/share/hadoop/common/hadoop-nfs-2.7.5.jar:/usr/hadoop/hadoop-2.7.4/share/hadoop/common/hadoop-common-2.7.5.jar:/usr/hadoop/hadoop-2.7.4/share/hadoop/common/hadoop-common-2.7.5-tests.jar:/usr/hadoop/hadoop-2.7.4/share/hadoop/hdfs:/usr/hadoop/hadoop-2.7.4/share/hadoop/hdfs/lib/commons-logging-1.1.3.jar:/usr/hadoop/hadoop-2.7.4/share/hadoop/hdfs/lib/asm-3.2.jar:/usr/hadoop/hadoop-2.7.4/share/hadoop/hdfs/lib/commons-io-2.4.jar:/usr/hadoop/hadoop-2.7.4/share/hadoop/hdfs/lib/servlet-api-2.5.jar:/usr/hadoop/hadoop-2.7.4/share/hadoop/hdfs/lib/xercesImpl-2.9.1.jar:/usr/hadoop/hadoop-2.7.4/share/hadoop/hdfs/lib/commons-cli-1.2.jar:/usr/hadoop/hadoop-2.7.4/share/hadoop/hdfs/lib/jsr305-3.0.0.jar:/usr/hadoop/hadoop-2.7.4/share/hadoop/hdfs/lib/commons-lang-2.6.jar:/usr/hadoop/hadoop-2.7.4/share/hadoop/hdfs/lib/netty-all-4.0.23.Final.jar:/usr/hadoop/hadoop-2.7.4/share/hadoop/hdfs/lib/commons-codec-1.4.jar:/usr/hadoop/hadoop-2.7.4/share/hadoop/hdfs/lib/jetty-6.1.26.jar:/usr/hadoop/hadoop-2.7.4/share/hadoop/hdfs/lib/protobuf-java-2.5.0.jar:/usr/hadoop/hadoop-2.7.4/share/hadoop/hdfs/lib/jersey-core-1.9.jar:/usr/hadoop/hadoop-2.7.4/share/hadoop/hdfs/lib/jersey-server-1.9.jar:/usr/hadoop/hadoop-2.7.4/share/hadoop/hdfs/lib/xmlenc-0.52.jar:/usr/hadoop/hadoop-2.7.4/share/hadoop/hdfs/lib/log4j-1.2.17.jar:/usr/hadoop/hadoop-2.7.4/share/hadoop/hdfs/lib/leveldbjni-all-1.8.jar:/usr/hadoop/hadoop-2.7.4/share/hadoop/hdfs/lib/jetty-util-6.1.26.jar:/usr/hadoop/hadoop-2.7.4/share/hadoop/hdfs/lib/xml-apis-1.3.04.jar:/usr/hadoop/hadoop-2.7.4/share/hadoop/hdfs/lib/jackson-core-asl-1.9.13.jar:/usr/hadoop/hadoop-2.7.4/share/hadoop/hdfs/lib/commons-daemon-1.0.13.jar:/usr/hadoop/hadoop-2.7.4/share/hadoop/hdfs/lib/jackson-mapper-asl-1.9.13.jar:/usr/hadoop/hadoop-2.7.4/share/hadoop/hdfs/lib/netty-3.6.2.Final.jar:/usr/hadoop/hadoop-2.7.4/share/hadoop/hdfs/lib/guava-11.0.2.jar:/usr/hadoop/hadoop-2.7.4/share/hadoop/hdfs/lib/htrace-core-3.1.0-incubating.jar:/usr/hadoop/hadoop-2.7.4/share/hadoop/hdfs/hadoop-hdfs-2.7.5.jar:/usr/hadoop/hadoop-2.7.4/share/hadoop/hdfs/hadoop-hdfs-nfs-2.7.5.jar:/usr/hadoop/hadoop-2.7.4/share/hadoop/hdfs/hadoop-hdfs-2.7.5-tests.jar:/usr/hadoop/hadoop-2.7.4/share/hadoop/yarn/lib/jersey-guice-1.9.jar:/usr/hadoop/hadoop-2.7.4/share/hadoop/yarn/lib/commons-logging-1.1.3.jar:/usr/hadoop/hadoop-2.7.4/share/hadoop/yarn/lib/asm-3.2.jar:/usr/hadoop/hadoop-2.7.4/share/hadoop/yarn/lib/commons-io-2.4.jar:/usr/hadoop/hadoop-2.7.4/share/hadoop/yarn/lib/servlet-api-2.5.jar:/usr/hadoop/hadoop-2.7.4/share/hadoop/yarn/lib/jackson-jaxrs-1.9.13.jar:/usr/hadoop/hadoop-2.7.4/share/hadoop/yarn/lib/zookeeper-3.4.6-tests.jar:/usr/hadoop/hadoop-2.7.4/share/hadoop/yarn/lib/zookeeper-3.4.6.jar:/usr/hadoop/hadoop-2.7.4/share/hadoop/yarn/lib/commons-cli-1.2.jar:/usr/hadoop/hadoop-2.7.4/share/hadoop/yarn/lib/jsr305-3.0.0.jar:/usr/hadoop/hadoop-2.7.4/share/hadoop/yarn/lib/commons-lang-2.6.jar:/usr/hadoop/hadoop-2.7.4/share/hadoop/yarn/lib/commons-codec-1.4.jar:/usr/hadoop/hadoop-2.7.4/share/hadoop/yarn/lib/jetty-6.1.26.jar:/usr/hadoop/hadoop-2.7.4/share/hadoop/yarn/lib/stax-api-1.0-2.jar:/usr/hadoop/hadoop-2.7.4/share/hadoop/yarn/lib/commons-collections-3.2.2.jar:/usr/hadoop/hadoop-2.7.4/share/hadoop/yarn/lib/protobuf-java-2.5.0.jar:/usr/hadoop/hadoop-2.7.4/share/hadoop/yarn/lib/jersey-json-1.9.jar:/usr/hadoop/hadoop-2.7.4/share/hadoop/yarn/lib/jersey-core-1.9.jar:/usr/hadoop/hadoop-2.7.4/share/hadoop/yarn/lib/commons-compress-1.4.1.jar:/usr/hadoop/hadoop-2.7.4/share/hadoop/yarn/lib/jackson-xc-1.9.13.jar:/usr/hadoop/hadoop-2.7.4/share/hadoop/yarn/lib/activation-1.1.jar:/usr/hadoop/hadoop-2.7.4/share/hadoop/yarn/lib/jersey-server-1.9.jar:/usr/hadoop/hadoop-2.7.4/share/hadoop/yarn/lib/aopalliance-1.0.jar:/usr/hadoop/hadoop-2.7.4/share/hadoop/yarn/lib/jaxb-api-2.2.2.jar:/usr/hadoop/hadoop-2.7.4/share/hadoop/yarn/lib/guice-servlet-3.0.jar:/usr/hadoop/hadoop-2.7.4/share/hadoop/yarn/lib/jersey-client-1.9.jar:/usr/hadoop/hadoop-2.7.4/share/hadoop/yarn/lib/javax.inject-1.jar:/usr/hadoop/hadoop-2.7.4/share/hadoop/yarn/lib/guice-3.0.jar:/usr/hadoop/hadoop-2.7.4/share/hadoop/yarn/lib/xz-1.0.jar:/usr/hadoop/hadoop-2.7.4/share/hadoop/yarn/lib/jaxb-impl-2.2.3-1.jar:/usr/hadoop/hadoop-2.7.4/share/hadoop/yarn/lib/log4j-1.2.17.jar:/usr/hadoop/hadoop-2.7.4/share/hadoop/yarn/lib/leveldbjni-all-1.8.jar:/usr/hadoop/hadoop-2.7.4/share/hadoop/yarn/lib/jetty-util-6.1.26.jar:/usr/hadoop/hadoop-2.7.4/share/hadoop/yarn/lib/jackson-core-asl-1.9.13.jar:/usr/hadoop/hadoop-2.7.4/share/hadoop/yarn/lib/jettison-1.1.jar:/usr/hadoop/hadoop-2.7.4/share/hadoop/yarn/lib/jackson-mapper-asl-1.9.13.jar:/usr/hadoop/hadoop-2.7.4/share/hadoop/yarn/lib/netty-3.6.2.Final.jar:/usr/hadoop/hadoop-2.7.4/share/hadoop/yarn/lib/guava-11.0.2.jar:/usr/hadoop/hadoop-2.7.4/share/hadoop/yarn/hadoop-yarn-server-resourcemanager-2.7.5.jar:/usr/hadoop/hadoop-2.7.4/share/hadoop/yarn/hadoop-yarn-server-applicationhistoryservice-2.7.5.jar:/usr/hadoop/hadoop-2.7.4/share/hadoop/yarn/hadoop-yarn-server-common-2.7.5.jar:/usr/hadoop/hadoop-2.7.4/share/hadoop/yarn/hadoop-yarn-registry-2.7.5.jar:/usr/hadoop/hadoop-2.7.4/share/hadoop/yarn/hadoop-yarn-api-2.7.5.jar:/usr/hadoop/hadoop-2.7.4/share/hadoop/yarn/hadoop-yarn-server-sharedcachemanager-2.7.5.jar:/usr/hadoop/hadoop-2.7.4/share/hadoop/yarn/hadoop-yarn-applications-unmanaged-am-launcher-2.7.5.jar:/usr/hadoop/hadoop-2.7.4/share/hadoop/yarn/hadoop-yarn-common-2.7.5.jar:/usr/hadoop/hadoop-2.7.4/share/hadoop/yarn/hadoop-yarn-server-nodemanager-2.7.5.jar:/usr/hadoop/hadoop-2.7.4/share/hadoop/yarn/hadoop-yarn-server-web-proxy-2.7.5.jar:/usr/hadoop/hadoop-2.7.4/share/hadoop/yarn/hadoop-yarn-client-2.7.5.jar:/usr/hadoop/hadoop-2.7.4/share/hadoop/yarn/hadoop-yarn-applications-distributedshell-2.7.5.jar:/usr/hadoop/hadoop-2.7.4/share/hadoop/yarn/hadoop-yarn-server-tests-2.7.5.jar:/usr/hadoop/hadoop-2.7.4/share/hadoop/mapreduce/lib/jersey-guice-1.9.jar:/usr/hadoop/hadoop-2.7.4/share/hadoop/mapreduce/lib/snappy-java-1.0.4.1.jar:/usr/hadoop/hadoop-2.7.4/share/hadoop/mapreduce/lib/asm-3.2.jar:/usr/hadoop/hadoop-2.7.4/share/hadoop/mapreduce/lib/commons-io-2.4.jar:/usr/hadoop/hadoop-2.7.4/share/hadoop/mapreduce/lib/avro-1.7.4.jar:/usr/hadoop/hadoop-2.7.4/share/hadoop/mapreduce/lib/hamcrest-core-1.3.jar:/usr/hadoop/hadoop-2.7.4/share/hadoop/mapreduce/lib/protobuf-java-2.5.0.jar:/usr/hadoop/hadoop-2.7.4/share/hadoop/mapreduce/lib/jersey-core-1.9.jar:/usr/hadoop/hadoop-2.7.4/share/hadoop/mapreduce/lib/hadoop-annotations-2.7.5.jar:/usr/hadoop/hadoop-2.7.4/share/hadoop/mapreduce/lib/commons-compress-1.4.1.jar:/usr/hadoop/hadoop-2.7.4/share/hadoop/mapreduce/lib/paranamer-2.3.jar:/usr/hadoop/hadoop-2.7.4/share/hadoop/mapreduce/lib/jersey-server-1.9.jar:/usr/hadoop/hadoop-2.7.4/share/hadoop/mapreduce/lib/aopalliance-1.0.jar:/usr/hadoop/hadoop-2.7.4/share/hadoop/mapreduce/lib/guice-servlet-3.0.jar:/usr/hadoop/hadoop-2.7.4/share/hadoop/mapreduce/lib/junit-4.11.jar:/usr/hadoop/hadoop-2.7.4/share/hadoop/mapreduce/lib/javax.inject-1.jar:/usr/hadoop/hadoop-2.7.4/share/hadoop/mapreduce/lib/guice-3.0.jar:/usr/hadoop/hadoop-2.7.4/share/hadoop/mapreduce/lib/xz-1.0.jar:/usr/hadoop/hadoop-2.7.4/share/hadoop/mapreduce/lib/log4j-1.2.17.jar:/usr/hadoop/hadoop-2.7.4/share/hadoop/mapreduce/lib/leveldbjni-all-1.8.jar:/usr/hadoop/hadoop-2.7.4/share/hadoop/mapreduce/lib/jackson-core-asl-1.9.13.jar:/usr/hadoop/hadoop-2.7.4/share/hadoop/mapreduce/lib/jackson-mapper-asl-1.9.13.jar:/usr/hadoop/hadoop-2.7.4/share/hadoop/mapreduce/lib/netty-3.6.2.Final.jar:/usr/hadoop/hadoop-2.7.4/share/hadoop/mapreduce/hadoop-mapreduce-client-common-2.7.5.jar:/usr/hadoop/hadoop-2.7.4/share/hadoop/mapreduce/hadoop-mapreduce-client-shuffle-2.7.5.jar:/usr/hadoop/hadoop-2.7.4/share/hadoop/mapreduce/hadoop-mapreduce-client-jobclient-2.7.5-tests.jar:/usr/hadoop/hadoop-2.7.4/share/hadoop/mapreduce/hadoop-mapreduce-client-hs-plugins-2.7.5.jar:/usr/hadoop/hadoop-2.7.4/share/hadoop/mapreduce/hadoop-mapreduce-examples-2.7.5.jar:/usr/hadoop/hadoop-2.7.4/share/hadoop/mapreduce/hadoop-mapreduce-client-core-2.7.5.jar:/usr/hadoop/hadoop-2.7.4/share/hadoop/mapreduce/hadoop-mapreduce-client-hs-2.7.5.jar:/usr/hadoop/hadoop-2.7.4/share/hadoop/mapreduce/hadoop-mapreduce-client-jobclient-2.7.5.jar:/usr/hadoop/hadoop-2.7.4/share/hadoop/mapreduce/hadoop-mapreduce-client-app-2.7.5.jar:/contrib/capacity-scheduler/*.jar:/contrib/capacity-scheduler/*.jar:/contrib/capacity-scheduler/*.jar
STARTUP_MSG:   build = https://shv@git-wip-us.apache.org/repos/asf/hadoop.git -r 18065c2b6806ed4aa6a3187d77cbe21bb3dba075; compiled by 'kshvachk' on 2017-12-16T01:06Z
STARTUP_MSG:   java = 1.8.0_161
************************************************************/
2021-05-05 00:32:43,165 INFO org.apache.hadoop.hdfs.server.namenode.NameNode: registered UNIX signal handlers for [TERM, HUP, INT]
2021-05-05 00:32:43,170 INFO org.apache.hadoop.hdfs.server.namenode.NameNode: createNameNode []
2021-05-05 00:32:43,447 INFO org.apache.hadoop.metrics2.impl.MetricsConfig: loaded properties from hadoop-metrics2.properties
2021-05-05 00:32:43,534 INFO org.apache.hadoop.metrics2.impl.MetricsSystemImpl: Scheduled snapshot period at 10 second(s).
2021-05-05 00:32:43,534 INFO org.apache.hadoop.metrics2.impl.MetricsSystemImpl: NameNode metrics system started
2021-05-05 00:32:43,537 INFO org.apache.hadoop.hdfs.server.namenode.NameNode: fs.defaultFS is hdfs://localhost:9000/
2021-05-05 00:32:43,538 INFO org.apache.hadoop.hdfs.server.namenode.NameNode: Clients are to use localhost:9000 to access this namenode/service.
2021-05-05 00:32:43,710 INFO org.apache.hadoop.hdfs.DFSUtil: Starting Web-server for hdfs at: http://0.0.0.0:50070
2021-05-05 00:32:43,757 INFO org.mortbay.log: Logging to org.slf4j.impl.Log4jLoggerAdapter(org.mortbay.log) via org.mortbay.log.Slf4jLog
2021-05-05 00:32:43,764 INFO org.apache.hadoop.security.authentication.server.AuthenticationFilter: Unable to initialize FileSignerSecretProvider, falling back to use random secrets.
2021-05-05 00:32:43,770 INFO org.apache.hadoop.http.HttpRequestLog: Http request log for http.requests.namenode is not defined
2021-05-05 00:32:43,775 INFO org.apache.hadoop.http.HttpServer2: Added global filter 'safety' (class=org.apache.hadoop.http.HttpServer2$QuotingInputFilter)
2021-05-05 00:32:43,777 INFO org.apache.hadoop.http.HttpServer2: Added filter static_user_filter (class=org.apache.hadoop.http.lib.StaticUserWebFilter$StaticUserFilter) to context hdfs
2021-05-05 00:32:43,777 INFO org.apache.hadoop.http.HttpServer2: Added filter static_user_filter (class=org.apache.hadoop.http.lib.StaticUserWebFilter$StaticUserFilter) to context logs
2021-05-05 00:32:43,777 INFO org.apache.hadoop.http.HttpServer2: Added filter static_user_filter (class=org.apache.hadoop.http.lib.StaticUserWebFilter$StaticUserFilter) to context static
2021-05-05 00:32:43,906 INFO org.apache.hadoop.http.HttpServer2: Added filter 'org.apache.hadoop.hdfs.web.AuthFilter' (class=org.apache.hadoop.hdfs.web.AuthFilter)
2021-05-05 00:32:43,907 INFO org.apache.hadoop.http.HttpServer2: addJerseyResourcePackage: packageName=org.apache.hadoop.hdfs.server.namenode.web.resources;org.apache.hadoop.hdfs.web.resources, pathSpec=/webhdfs/v1/*
2021-05-05 00:32:43,923 INFO org.apache.hadoop.http.HttpServer2: Jetty bound to port 50070
2021-05-05 00:32:43,923 INFO org.mortbay.log: jetty-6.1.26
2021-05-05 00:32:44,073 INFO org.mortbay.log: Started HttpServer2$SelectChannelConnectorWithSafeStartup@0.0.0.0:50070
2021-05-05 00:32:44,109 WARN org.apache.hadoop.hdfs.server.namenode.FSNamesystem: Only one image storage directory (dfs.namenode.name.dir) configured. Beware of data loss due to lack of redundant storage directories!
2021-05-05 00:32:44,109 WARN org.apache.hadoop.hdfs.server.namenode.FSNamesystem: Only one namespace edits storage directory (dfs.namenode.edits.dir) configured. Beware of data loss due to lack of redundant storage directories!
2021-05-05 00:32:44,158 INFO org.apache.hadoop.hdfs.server.namenode.FSNamesystem: No KeyProvider found.
2021-05-05 00:32:44,160 INFO org.apache.hadoop.hdfs.server.namenode.FSNamesystem: fsLock is fair: true
2021-05-05 00:32:44,163 INFO org.apache.hadoop.hdfs.server.namenode.FSNamesystem: Detailed lock hold time metrics enabled: false
2021-05-05 00:32:44,221 INFO org.apache.hadoop.hdfs.server.blockmanagement.DatanodeManager: dfs.block.invalidate.limit=1000
2021-05-05 00:32:44,222 INFO org.apache.hadoop.hdfs.server.blockmanagement.DatanodeManager: dfs.namenode.datanode.registration.ip-hostname-check=true
2021-05-05 00:32:44,223 INFO org.apache.hadoop.hdfs.server.blockmanagement.BlockManager: dfs.namenode.startup.delay.block.deletion.sec is set to 000:00:00:00.000
2021-05-05 00:32:44,224 INFO org.apache.hadoop.hdfs.server.blockmanagement.BlockManager: The block deletion will start around 2021 May 05 00:32:44
2021-05-05 00:32:44,226 INFO org.apache.hadoop.util.GSet: Computing capacity for map BlocksMap
2021-05-05 00:32:44,226 INFO org.apache.hadoop.util.GSet: VM type       = 64-bit
2021-05-05 00:32:44,228 INFO org.apache.hadoop.util.GSet: 2.0% max memory 958.5 MB = 19.2 MB
2021-05-05 00:32:44,228 INFO org.apache.hadoop.util.GSet: capacity      = 2^21 = 2097152 entries
2021-05-05 00:32:44,238 INFO org.apache.hadoop.hdfs.server.blockmanagement.BlockManager: dfs.block.access.token.enable=false
2021-05-05 00:32:44,238 INFO org.apache.hadoop.hdfs.server.blockmanagement.BlockManager: defaultReplication         = 1
2021-05-05 00:32:44,238 INFO org.apache.hadoop.hdfs.server.blockmanagement.BlockManager: maxReplication             = 512
2021-05-05 00:32:44,238 INFO org.apache.hadoop.hdfs.server.blockmanagement.BlockManager: minReplication             = 1
2021-05-05 00:32:44,238 INFO org.apache.hadoop.hdfs.server.blockmanagement.BlockManager: maxReplicationStreams      = 2
2021-05-05 00:32:44,238 INFO org.apache.hadoop.hdfs.server.blockmanagement.BlockManager: replicationRecheckInterval = 3000
2021-05-05 00:32:44,238 INFO org.apache.hadoop.hdfs.server.blockmanagement.BlockManager: encryptDataTransfer        = false
2021-05-05 00:32:44,238 INFO org.apache.hadoop.hdfs.server.blockmanagement.BlockManager: maxNumBlocksToLog          = 1000
2021-05-05 00:32:44,247 INFO org.apache.hadoop.hdfs.server.namenode.FSNamesystem: fsOwner             = root (auth:SIMPLE)
2021-05-05 00:32:44,247 INFO org.apache.hadoop.hdfs.server.namenode.FSNamesystem: supergroup          = supergroup
2021-05-05 00:32:44,247 INFO org.apache.hadoop.hdfs.server.namenode.FSNamesystem: isPermissionEnabled = true
2021-05-05 00:32:44,247 INFO org.apache.hadoop.hdfs.server.namenode.FSNamesystem: HA Enabled: false
2021-05-05 00:32:44,249 INFO org.apache.hadoop.hdfs.server.namenode.FSNamesystem: Append Enabled: true
2021-05-05 00:32:44,504 INFO org.apache.hadoop.util.GSet: Computing capacity for map INodeMap
2021-05-05 00:32:44,504 INFO org.apache.hadoop.util.GSet: VM type       = 64-bit
2021-05-05 00:32:44,504 INFO org.apache.hadoop.util.GSet: 1.0% max memory 958.5 MB = 9.6 MB
2021-05-05 00:32:44,504 INFO org.apache.hadoop.util.GSet: capacity      = 2^20 = 1048576 entries
2021-05-05 00:32:44,505 INFO org.apache.hadoop.hdfs.server.namenode.FSDirectory: ACLs enabled? false
2021-05-05 00:32:44,505 INFO org.apache.hadoop.hdfs.server.namenode.FSDirectory: XAttrs enabled? true
2021-05-05 00:32:44,505 INFO org.apache.hadoop.hdfs.server.namenode.FSDirectory: Maximum size of an xattr: 16384
2021-05-05 00:32:44,505 INFO org.apache.hadoop.hdfs.server.namenode.NameNode: Caching file names occuring more than 10 times
2021-05-05 00:32:44,580 INFO org.apache.hadoop.util.GSet: Computing capacity for map cachedBlocks
2021-05-05 00:32:44,580 INFO org.apache.hadoop.util.GSet: VM type       = 64-bit
2021-05-05 00:32:44,580 INFO org.apache.hadoop.util.GSet: 0.25% max memory 889 MB = 2.2 MB
2021-05-05 00:32:44,580 INFO org.apache.hadoop.util.GSet: capacity      = 2^18 = 262144 entries
2021-05-05 00:32:44,581 INFO org.apache.hadoop.hdfs.server.namenode.FSNamesystem: dfs.namenode.safemode.threshold-pct = 0.0
2021-05-05 00:32:44,581 INFO org.apache.hadoop.hdfs.server.namenode.FSNamesystem: dfs.namenode.safemode.min.datanodes = 0
2021-05-05 00:32:44,581 INFO org.apache.hadoop.hdfs.server.namenode.FSNamesystem: dfs.namenode.safemode.extension     = 30000
2021-05-05 00:32:44,584 INFO org.apache.hadoop.hdfs.server.namenode.top.metrics.TopMetrics: NNTop conf: dfs.namenode.top.window.num.buckets = 10
2021-05-05 00:32:44,584 INFO org.apache.hadoop.hdfs.server.namenode.top.metrics.TopMetrics: NNTop conf: dfs.namenode.top.num.users = 10
2021-05-05 00:32:44,584 INFO org.apache.hadoop.hdfs.server.namenode.top.metrics.TopMetrics: NNTop conf: dfs.namenode.top.windows.minutes = 1,5,25
2021-05-05 00:32:44,587 INFO org.apache.hadoop.hdfs.server.namenode.FSNamesystem: Retry cache on namenode is enabled
2021-05-05 00:32:44,587 INFO org.apache.hadoop.hdfs.server.namenode.FSNamesystem: Retry cache will use 0.03 of total heap and retry cache entry expiry time is 600000 millis
2021-05-05 00:32:44,589 INFO org.apache.hadoop.util.GSet: Computing capacity for map NameNodeRetryCache
2021-05-05 00:32:44,589 INFO org.apache.hadoop.util.GSet: VM type       = 64-bit
2021-05-05 00:32:44,589 INFO org.apache.hadoop.util.GSet: 0.029999999329447746% max memory 889 MB = 273.1 KB
2021-05-05 00:32:44,589 INFO org.apache.hadoop.util.GSet: capacity      = 2^15 = 32768 entries
2021-05-05 00:32:44,630 INFO org.apache.hadoop.hdfs.server.common.Storage: Lock on /opt/hadoop-data/namenode/in_use.lock acquired by nodename 26225@ccfc7f280e8e
2021-05-05 00:32:44,742 INFO org.apache.hadoop.hdfs.server.namenode.FileJournalManager: Recovering unfinalized segments in /opt/hadoop-data/namenode/current
2021-05-05 00:32:44,743 INFO org.apache.hadoop.hdfs.server.namenode.FSImage: No edit log streams selected.
2021-05-05 00:32:44,743 INFO org.apache.hadoop.hdfs.server.namenode.FSImage: Planning to load image: FSImageFile(file=/opt/hadoop-data/namenode/current/fsimage_0000000000000000000, cpktTxId=0000000000000000000)
2021-05-05 00:32:44,777 INFO org.apache.hadoop.hdfs.server.namenode.FSImageFormatPBINode: Loading 1 INodes.
2021-05-05 00:32:44,802 INFO org.apache.hadoop.hdfs.server.namenode.FSImageFormatProtobuf: Loaded FSImage in 0 seconds.
2021-05-05 00:32:44,802 INFO org.apache.hadoop.hdfs.server.namenode.FSImage: Loaded image for txid 0 from /opt/hadoop-data/namenode/current/fsimage_0000000000000000000
2021-05-05 00:32:44,806 INFO org.apache.hadoop.hdfs.server.namenode.FSImage: Initializing quota with 4 thread(s)
2021-05-05 00:32:44,814 INFO org.apache.hadoop.hdfs.server.namenode.FSImage: Quota initialization completed in 8 milliseconds
name space=1
storage space=0
storage types=RAM_DISK=0, SSD=0, DISK=0, ARCHIVE=0
2021-05-05 00:32:44,814 INFO org.apache.hadoop.hdfs.server.namenode.FSNamesystem: Need to save fs image? true (staleImage=true, haEnabled=false, isRollingUpgrade=false)
2021-05-05 00:32:44,814 INFO org.apache.hadoop.hdfs.server.namenode.FSImage: Save namespace ...
2021-05-05 00:32:44,818 INFO org.apache.hadoop.hdfs.server.namenode.FSImageFormatProtobuf: Saving image file /opt/hadoop-data/namenode/current/fsimage.ckpt_0000000000000000000 using no compression
2021-05-05 00:32:44,861 INFO org.apache.hadoop.hdfs.server.namenode.FSImageFormatProtobuf: Image file /opt/hadoop-data/namenode/current/fsimage.ckpt_0000000000000000000 of size 320 bytes saved in 0 seconds.
2021-05-05 00:32:44,901 INFO org.apache.hadoop.hdfs.server.namenode.NNStorageRetentionManager: Going to retain 1 images with txid >= 0
2021-05-05 00:32:44,917 INFO org.apache.hadoop.hdfs.server.namenode.FSEditLog: Starting log segment at 1
2021-05-05 00:32:45,125 INFO org.apache.hadoop.hdfs.server.namenode.NameCache: initialized with 0 entries 0 lookups
2021-05-05 00:32:45,125 INFO org.apache.hadoop.hdfs.server.namenode.FSNamesystem: Finished loading FSImage in 533 msecs
2021-05-05 00:32:45,333 INFO org.apache.hadoop.hdfs.server.namenode.NameNode: RPC server is binding to localhost:9000
2021-05-05 00:32:45,341 INFO org.apache.hadoop.ipc.CallQueueManager: Using callQueue: class java.util.concurrent.LinkedBlockingQueue queueCapacity: 1000
2021-05-05 00:32:45,356 INFO org.apache.hadoop.ipc.Server: Starting Socket Reader #1 for port 9000
2021-05-05 00:32:45,433 INFO org.apache.hadoop.hdfs.server.namenode.FSNamesystem: Registered FSNamesystemState MBean
2021-05-05 00:32:45,442 INFO org.apache.hadoop.hdfs.server.namenode.LeaseManager: Number of blocks under construction: 0
2021-05-05 00:32:45,442 INFO org.apache.hadoop.hdfs.server.namenode.LeaseManager: Number of blocks under construction: 0
2021-05-05 00:32:45,442 INFO org.apache.hadoop.hdfs.server.namenode.FSNamesystem: initializing replication queues
2021-05-05 00:32:45,442 INFO org.apache.hadoop.hdfs.StateChange: STATE* Leaving safe mode after 1 secs
2021-05-05 00:32:45,443 INFO org.apache.hadoop.hdfs.StateChange: STATE* Network topology has 0 racks and 0 datanodes
2021-05-05 00:32:45,443 INFO org.apache.hadoop.hdfs.StateChange: STATE* UnderReplicatedBlocks has 0 blocks
2021-05-05 00:32:45,451 INFO org.apache.hadoop.hdfs.server.blockmanagement.DatanodeDescriptor: Number of failed storage changes from 0 to 0
2021-05-05 00:32:45,453 INFO org.apache.hadoop.hdfs.server.blockmanagement.BlockManager: Total number of blocks            = 0
2021-05-05 00:32:45,453 INFO org.apache.hadoop.hdfs.server.blockmanagement.BlockManager: Number of invalid blocks          = 0
2021-05-05 00:32:45,453 INFO org.apache.hadoop.hdfs.server.blockmanagement.BlockManager: Number of under-replicated blocks = 0
2021-05-05 00:32:45,453 INFO org.apache.hadoop.hdfs.server.blockmanagement.BlockManager: Number of  over-replicated blocks = 0
2021-05-05 00:32:45,453 INFO org.apache.hadoop.hdfs.server.blockmanagement.BlockManager: Number of blocks being written    = 0
2021-05-05 00:32:45,453 INFO org.apache.hadoop.hdfs.StateChange: STATE* Replication Queue initialization scan for invalid, over- and under-replicated blocks completed in 11 msec
2021-05-05 00:32:45,477 INFO org.apache.hadoop.ipc.Server: IPC Server Responder: starting
2021-05-05 00:32:45,477 INFO org.apache.hadoop.ipc.Server: IPC Server listener on 9000: starting
2021-05-05 00:32:45,480 INFO org.apache.hadoop.hdfs.server.namenode.NameNode: NameNode RPC up at: localhost/127.0.0.1:9000
2021-05-05 00:32:45,480 INFO org.apache.hadoop.hdfs.server.namenode.FSNamesystem: Starting services required for active state
2021-05-05 00:32:45,483 INFO org.apache.hadoop.hdfs.server.blockmanagement.CacheReplicationMonitor: Starting CacheReplicationMonitor with interval 30000 milliseconds
2021-05-05 00:32:49,687 INFO org.apache.hadoop.hdfs.StateChange: BLOCK* registerDatanode: from DatanodeRegistration(127.0.0.1:50010, datanodeUuid=65577714-15a9-4fc7-a454-9b45047ce552, infoPort=50075, infoSecurePort=0, ipcPort=50020, storageInfo=lv=-56;cid=CID-be062eee-a7e9-4edc-b226-38768de06d0c;nsid=13745949;c=0) storage 65577714-15a9-4fc7-a454-9b45047ce552
2021-05-05 00:32:49,687 INFO org.apache.hadoop.hdfs.server.blockmanagement.DatanodeDescriptor: Number of failed storage changes from 0 to 0
2021-05-05 00:32:49,689 INFO org.apache.hadoop.net.NetworkTopology: Adding a new node: /default-rack/127.0.0.1:50010
2021-05-05 00:32:49,794 INFO org.apache.hadoop.hdfs.server.blockmanagement.DatanodeDescriptor: Number of failed storage changes from 0 to 0
2021-05-05 00:32:49,794 INFO org.apache.hadoop.hdfs.server.blockmanagement.DatanodeDescriptor: Adding new storage ID DS-d88f0d0d-16a4-45b6-a069-6f2918138a80 for DN 127.0.0.1:50010
2021-05-05 00:32:49,868 INFO BlockStateChange: BLOCK* processReport 0x55540cd3403581: from storage DS-d88f0d0d-16a4-45b6-a069-6f2918138a80 node DatanodeRegistration(127.0.0.1:50010, datanodeUuid=65577714-15a9-4fc7-a454-9b45047ce552, infoPort=50075, infoSecurePort=0, ipcPort=50020, storageInfo=lv=-56;cid=CID-be062eee-a7e9-4edc-b226-38768de06d0c;nsid=13745949;c=0), blocks: 0, hasStaleStorage: false, processing time: 3 msecs
2021-05-05 00:33:03,189 INFO org.apache.hadoop.hdfs.StateChange: STATE* Safe mode is already OFF
2021-05-05 00:33:54,825 INFO org.apache.hadoop.hdfs.server.namenode.FSNamesystem: Roll Edit Log from 127.0.0.1
2021-05-05 00:33:54,825 INFO org.apache.hadoop.hdfs.server.namenode.FSEditLog: Rolling edit logs
2021-05-05 00:33:54,825 INFO org.apache.hadoop.hdfs.server.namenode.FSEditLog: Ending log segment 1
2021-05-05 00:33:54,825 INFO org.apache.hadoop.hdfs.server.namenode.FSEditLog: Number of transactions: 2 Total time for transactions(ms): 0 Number of transactions batched in Syncs: 0 Number of syncs: 2 SyncTimes(ms): 47 
2021-05-05 00:33:54,852 INFO org.apache.hadoop.hdfs.server.namenode.FSEditLog: Number of transactions: 2 Total time for transactions(ms): 0 Number of transactions batched in Syncs: 0 Number of syncs: 3 SyncTimes(ms): 74 
2021-05-05 00:33:54,854 INFO org.apache.hadoop.hdfs.server.namenode.FileJournalManager: Finalizing edits file /opt/hadoop-data/namenode/current/edits_inprogress_0000000000000000001 -> /opt/hadoop-data/namenode/current/edits_0000000000000000001-0000000000000000002
2021-05-05 00:33:54,857 INFO org.apache.hadoop.hdfs.server.namenode.FSEditLog: Starting log segment at 3
2021-05-05 00:33:55,663 INFO org.apache.hadoop.hdfs.server.namenode.TransferFsImage: Transfer took 0.02s at 0.00 KB/s
2021-05-05 00:33:55,663 INFO org.apache.hadoop.hdfs.server.namenode.TransferFsImage: Downloaded file fsimage.ckpt_0000000000000000002 size 320 bytes.
2021-05-05 00:33:55,691 INFO org.apache.hadoop.hdfs.server.namenode.NNStorageRetentionManager: Going to retain 2 images with txid >= 0
2021-05-05 01:33:55,986 INFO org.apache.hadoop.hdfs.server.namenode.FSNamesystem: Roll Edit Log from 127.0.0.1
2021-05-05 01:33:55,986 INFO org.apache.hadoop.hdfs.server.namenode.FSEditLog: Rolling edit logs
2021-05-05 01:33:55,986 INFO org.apache.hadoop.hdfs.server.namenode.FSEditLog: Ending log segment 3
2021-05-05 01:33:55,987 INFO org.apache.hadoop.hdfs.server.namenode.FSEditLog: Number of transactions: 2 Total time for transactions(ms): 0 Number of transactions batched in Syncs: 0 Number of syncs: 2 SyncTimes(ms): 47 
2021-05-05 01:33:55,994 INFO org.apache.hadoop.hdfs.server.namenode.FSEditLog: Number of transactions: 2 Total time for transactions(ms): 0 Number of transactions batched in Syncs: 0 Number of syncs: 3 SyncTimes(ms): 55 
2021-05-05 01:33:55,996 INFO org.apache.hadoop.hdfs.server.namenode.FileJournalManager: Finalizing edits file /opt/hadoop-data/namenode/current/edits_inprogress_0000000000000000003 -> /opt/hadoop-data/namenode/current/edits_0000000000000000003-0000000000000000004
2021-05-05 01:33:55,996 INFO org.apache.hadoop.hdfs.server.namenode.FSEditLog: Starting log segment at 5
2021-05-05 01:33:56,241 INFO org.apache.hadoop.hdfs.server.namenode.TransferFsImage: Transfer took 0.04s at 0.00 KB/s
2021-05-05 01:33:56,242 INFO org.apache.hadoop.hdfs.server.namenode.TransferFsImage: Downloaded file fsimage.ckpt_0000000000000000004 size 320 bytes.
2021-05-05 01:33:56,276 INFO org.apache.hadoop.hdfs.server.namenode.NNStorageRetentionManager: Going to retain 2 images with txid >= 2
2021-05-05 01:33:56,276 INFO org.apache.hadoop.hdfs.server.namenode.NNStorageRetentionManager: Purging old image FSImageFile(file=/opt/hadoop-data/namenode/current/fsimage_0000000000000000000, cpktTxId=0000000000000000000)
2021-05-05 02:33:56,565 INFO org.apache.hadoop.hdfs.server.namenode.FSNamesystem: Roll Edit Log from 127.0.0.1
2021-05-05 02:33:56,565 INFO org.apache.hadoop.hdfs.server.namenode.FSEditLog: Rolling edit logs
2021-05-05 02:33:56,565 INFO org.apache.hadoop.hdfs.server.namenode.FSEditLog: Ending log segment 5
2021-05-05 02:33:56,566 INFO org.apache.hadoop.hdfs.server.namenode.FSEditLog: Number of transactions: 2 Total time for transactions(ms): 0 Number of transactions batched in Syncs: 0 Number of syncs: 2 SyncTimes(ms): 58 
2021-05-05 02:33:56,574 INFO org.apache.hadoop.hdfs.server.namenode.FSEditLog: Number of transactions: 2 Total time for transactions(ms): 0 Number of transactions batched in Syncs: 0 Number of syncs: 3 SyncTimes(ms): 66 
2021-05-05 02:33:56,575 INFO org.apache.hadoop.hdfs.server.namenode.FileJournalManager: Finalizing edits file /opt/hadoop-data/namenode/current/edits_inprogress_0000000000000000005 -> /opt/hadoop-data/namenode/current/edits_0000000000000000005-0000000000000000006
2021-05-05 02:33:56,575 INFO org.apache.hadoop.hdfs.server.namenode.FSEditLog: Starting log segment at 7
2021-05-05 02:33:56,795 INFO org.apache.hadoop.hdfs.server.namenode.TransferFsImage: Transfer took 0.04s at 0.00 KB/s
2021-05-05 02:33:56,795 INFO org.apache.hadoop.hdfs.server.namenode.TransferFsImage: Downloaded file fsimage.ckpt_0000000000000000006 size 320 bytes.
2021-05-05 02:33:56,838 INFO org.apache.hadoop.hdfs.server.namenode.NNStorageRetentionManager: Going to retain 2 images with txid >= 4
2021-05-05 02:33:56,838 INFO org.apache.hadoop.hdfs.server.namenode.NNStorageRetentionManager: Purging old image FSImageFile(file=/opt/hadoop-data/namenode/current/fsimage_0000000000000000002, cpktTxId=0000000000000000002)
2021-05-05 03:33:57,097 INFO org.apache.hadoop.hdfs.server.namenode.FSNamesystem: Roll Edit Log from 127.0.0.1
2021-05-05 03:33:57,098 INFO org.apache.hadoop.hdfs.server.namenode.FSEditLog: Rolling edit logs
2021-05-05 03:33:57,098 INFO org.apache.hadoop.hdfs.server.namenode.FSEditLog: Ending log segment 7
2021-05-05 03:33:57,098 INFO org.apache.hadoop.hdfs.server.namenode.FSEditLog: Number of transactions: 2 Total time for transactions(ms): 0 Number of transactions batched in Syncs: 0 Number of syncs: 2 SyncTimes(ms): 48 
2021-05-05 03:33:57,111 INFO org.apache.hadoop.hdfs.server.namenode.FSEditLog: Number of transactions: 2 Total time for transactions(ms): 0 Number of transactions batched in Syncs: 0 Number of syncs: 3 SyncTimes(ms): 60 
2021-05-05 03:33:57,112 INFO org.apache.hadoop.hdfs.server.namenode.FileJournalManager: Finalizing edits file /opt/hadoop-data/namenode/current/edits_inprogress_0000000000000000007 -> /opt/hadoop-data/namenode/current/edits_0000000000000000007-0000000000000000008
2021-05-05 03:33:57,112 INFO org.apache.hadoop.hdfs.server.namenode.FSEditLog: Starting log segment at 9
2021-05-05 03:33:57,317 INFO org.apache.hadoop.hdfs.server.namenode.TransferFsImage: Transfer took 0.03s at 0.00 KB/s
2021-05-05 03:33:57,317 INFO org.apache.hadoop.hdfs.server.namenode.TransferFsImage: Downloaded file fsimage.ckpt_0000000000000000008 size 320 bytes.
2021-05-05 03:33:57,351 INFO org.apache.hadoop.hdfs.server.namenode.NNStorageRetentionManager: Going to retain 2 images with txid >= 6
2021-05-05 03:33:57,351 INFO org.apache.hadoop.hdfs.server.namenode.NNStorageRetentionManager: Purging old image FSImageFile(file=/opt/hadoop-data/namenode/current/fsimage_0000000000000000004, cpktTxId=0000000000000000004)
2021-05-05 04:33:57,610 INFO org.apache.hadoop.hdfs.server.namenode.FSNamesystem: Roll Edit Log from 127.0.0.1
2021-05-05 04:33:57,610 INFO org.apache.hadoop.hdfs.server.namenode.FSEditLog: Rolling edit logs
2021-05-05 04:33:57,610 INFO org.apache.hadoop.hdfs.server.namenode.FSEditLog: Ending log segment 9
2021-05-05 04:33:57,610 INFO org.apache.hadoop.hdfs.server.namenode.FSEditLog: Number of transactions: 2 Total time for transactions(ms): 0 Number of transactions batched in Syncs: 0 Number of syncs: 2 SyncTimes(ms): 46 
2021-05-05 04:33:57,619 INFO org.apache.hadoop.hdfs.server.namenode.FSEditLog: Number of transactions: 2 Total time for transactions(ms): 0 Number of transactions batched in Syncs: 0 Number of syncs: 3 SyncTimes(ms): 55 
2021-05-05 04:33:57,620 INFO org.apache.hadoop.hdfs.server.namenode.FileJournalManager: Finalizing edits file /opt/hadoop-data/namenode/current/edits_inprogress_0000000000000000009 -> /opt/hadoop-data/namenode/current/edits_0000000000000000009-0000000000000000010
2021-05-05 04:33:57,621 INFO org.apache.hadoop.hdfs.server.namenode.FSEditLog: Starting log segment at 11
2021-05-05 04:33:57,846 INFO org.apache.hadoop.hdfs.server.namenode.TransferFsImage: Transfer took 0.03s at 0.00 KB/s
2021-05-05 04:33:57,846 INFO org.apache.hadoop.hdfs.server.namenode.TransferFsImage: Downloaded file fsimage.ckpt_0000000000000000010 size 320 bytes.
2021-05-05 04:33:57,881 INFO org.apache.hadoop.hdfs.server.namenode.NNStorageRetentionManager: Going to retain 2 images with txid >= 8
2021-05-05 04:33:57,881 INFO org.apache.hadoop.hdfs.server.namenode.NNStorageRetentionManager: Purging old image FSImageFile(file=/opt/hadoop-data/namenode/current/fsimage_0000000000000000006, cpktTxId=0000000000000000006)
