2021-05-05 00:32:52,318 INFO org.apache.hadoop.hdfs.server.namenode.SecondaryNameNode: STARTUP_MSG: 
/************************************************************
STARTUP_MSG: Starting SecondaryNameNode
STARTUP_MSG:   host = ccfc7f280e8e/172.17.0.8
STARTUP_MSG:   args = []
STARTUP_MSG:   version = 2.7.5
STARTUP_MSG:   classpath = /usr/hadoop/hadoop-2.7.4/etc/hadoop:/usr/hadoop/hadoop-2.7.4/share/hadoop/common/lib/snappy-java-1.0.4.1.jar:/usr/hadoop/hadoop-2.7.4/share/hadoop/common/lib/commons-logging-1.1.3.jar:/usr/hadoop/hadoop-2.7.4/share/hadoop/common/lib/asm-3.2.jar:/usr/hadoop/hadoop-2.7.4/share/hadoop/common/lib/commons-io-2.4.jar:/usr/hadoop/hadoop-2.7.4/share/hadoop/common/lib/servlet-api-2.5.jar:/usr/hadoop/hadoop-2.7.4/share/hadoop/common/lib/apacheds-kerberos-codec-2.0.0-M15.jar:/usr/hadoop/hadoop-2.7.4/share/hadoop/common/lib/curator-recipes-2.7.1.jar:/usr/hadoop/hadoop-2.7.4/share/hadoop/common/lib/avro-1.7.4.jar:/usr/hadoop/hadoop-2.7.4/share/hadoop/common/lib/jackson-jaxrs-1.9.13.jar:/usr/hadoop/hadoop-2.7.4/share/hadoop/common/lib/commons-configuration-1.6.jar:/usr/hadoop/hadoop-2.7.4/share/hadoop/common/lib/zookeeper-3.4.6.jar:/usr/hadoop/hadoop-2.7.4/share/hadoop/common/lib/commons-cli-1.2.jar:/usr/hadoop/hadoop-2.7.4/share/hadoop/common/lib/jsch-0.1.54.jar:/usr/hadoop/hadoop-2.7.4/share/hadoop/common/lib/jsr305-3.0.0.jar:/usr/hadoop/hadoop-2.7.4/share/hadoop/common/lib/commons-lang-2.6.jar:/usr/hadoop/hadoop-2.7.4/share/hadoop/common/lib/api-asn1-api-1.0.0-M20.jar:/usr/hadoop/hadoop-2.7.4/share/hadoop/common/lib/commons-codec-1.4.jar:/usr/hadoop/hadoop-2.7.4/share/hadoop/common/lib/hamcrest-core-1.3.jar:/usr/hadoop/hadoop-2.7.4/share/hadoop/common/lib/httpcore-4.2.5.jar:/usr/hadoop/hadoop-2.7.4/share/hadoop/common/lib/jetty-6.1.26.jar:/usr/hadoop/hadoop-2.7.4/share/hadoop/common/lib/commons-math3-3.1.1.jar:/usr/hadoop/hadoop-2.7.4/share/hadoop/common/lib/stax-api-1.0-2.jar:/usr/hadoop/hadoop-2.7.4/share/hadoop/common/lib/commons-collections-3.2.2.jar:/usr/hadoop/hadoop-2.7.4/share/hadoop/common/lib/protobuf-java-2.5.0.jar:/usr/hadoop/hadoop-2.7.4/share/hadoop/common/lib/jersey-json-1.9.jar:/usr/hadoop/hadoop-2.7.4/share/hadoop/common/lib/jersey-core-1.9.jar:/usr/hadoop/hadoop-2.7.4/share/hadoop/common/lib/hadoop-annotations-2.7.5.jar:/usr/hadoop/hadoop-2.7.4/share/hadoop/common/lib/commons-compress-1.4.1.jar:/usr/hadoop/hadoop-2.7.4/share/hadoop/common/lib/mockito-all-1.8.5.jar:/usr/hadoop/hadoop-2.7.4/share/hadoop/common/lib/jackson-xc-1.9.13.jar:/usr/hadoop/hadoop-2.7.4/share/hadoop/common/lib/curator-framework-2.7.1.jar:/usr/hadoop/hadoop-2.7.4/share/hadoop/common/lib/paranamer-2.3.jar:/usr/hadoop/hadoop-2.7.4/share/hadoop/common/lib/activation-1.1.jar:/usr/hadoop/hadoop-2.7.4/share/hadoop/common/lib/jersey-server-1.9.jar:/usr/hadoop/hadoop-2.7.4/share/hadoop/common/lib/jaxb-api-2.2.2.jar:/usr/hadoop/hadoop-2.7.4/share/hadoop/common/lib/jsp-api-2.1.jar:/usr/hadoop/hadoop-2.7.4/share/hadoop/common/lib/junit-4.11.jar:/usr/hadoop/hadoop-2.7.4/share/hadoop/common/lib/commons-httpclient-3.1.jar:/usr/hadoop/hadoop-2.7.4/share/hadoop/common/lib/hadoop-auth-2.7.5.jar:/usr/hadoop/hadoop-2.7.4/share/hadoop/common/lib/xmlenc-0.52.jar:/usr/hadoop/hadoop-2.7.4/share/hadoop/common/lib/xz-1.0.jar:/usr/hadoop/hadoop-2.7.4/share/hadoop/common/lib/jaxb-impl-2.2.3-1.jar:/usr/hadoop/hadoop-2.7.4/share/hadoop/common/lib/log4j-1.2.17.jar:/usr/hadoop/hadoop-2.7.4/share/hadoop/common/lib/slf4j-log4j12-1.7.10.jar:/usr/hadoop/hadoop-2.7.4/share/hadoop/common/lib/curator-client-2.7.1.jar:/usr/hadoop/hadoop-2.7.4/share/hadoop/common/lib/jetty-util-6.1.26.jar:/usr/hadoop/hadoop-2.7.4/share/hadoop/common/lib/java-xmlbuilder-0.4.jar:/usr/hadoop/hadoop-2.7.4/share/hadoop/common/lib/httpclient-4.2.5.jar:/usr/hadoop/hadoop-2.7.4/share/hadoop/common/lib/jackson-core-asl-1.9.13.jar:/usr/hadoop/hadoop-2.7.4/share/hadoop/common/lib/apacheds-i18n-2.0.0-M15.jar:/usr/hadoop/hadoop-2.7.4/share/hadoop/common/lib/jettison-1.1.jar:/usr/hadoop/hadoop-2.7.4/share/hadoop/common/lib/jackson-mapper-asl-1.9.13.jar:/usr/hadoop/hadoop-2.7.4/share/hadoop/common/lib/jets3t-0.9.0.jar:/usr/hadoop/hadoop-2.7.4/share/hadoop/common/lib/slf4j-api-1.7.10.jar:/usr/hadoop/hadoop-2.7.4/share/hadoop/common/lib/jetty-sslengine-6.1.26.jar:/usr/hadoop/hadoop-2.7.4/share/hadoop/common/lib/netty-3.6.2.Final.jar:/usr/hadoop/hadoop-2.7.4/share/hadoop/common/lib/commons-digester-1.8.jar:/usr/hadoop/hadoop-2.7.4/share/hadoop/common/lib/commons-beanutils-1.7.0.jar:/usr/hadoop/hadoop-2.7.4/share/hadoop/common/lib/guava-11.0.2.jar:/usr/hadoop/hadoop-2.7.4/share/hadoop/common/lib/api-util-1.0.0-M20.jar:/usr/hadoop/hadoop-2.7.4/share/hadoop/common/lib/htrace-core-3.1.0-incubating.jar:/usr/hadoop/hadoop-2.7.4/share/hadoop/common/lib/commons-beanutils-core-1.8.0.jar:/usr/hadoop/hadoop-2.7.4/share/hadoop/common/lib/commons-net-3.1.jar:/usr/hadoop/hadoop-2.7.4/share/hadoop/common/lib/gson-2.2.4.jar:/usr/hadoop/hadoop-2.7.4/share/hadoop/common/hadoop-nfs-2.7.5.jar:/usr/hadoop/hadoop-2.7.4/share/hadoop/common/hadoop-common-2.7.5.jar:/usr/hadoop/hadoop-2.7.4/share/hadoop/common/hadoop-common-2.7.5-tests.jar:/usr/hadoop/hadoop-2.7.4/share/hadoop/hdfs:/usr/hadoop/hadoop-2.7.4/share/hadoop/hdfs/lib/commons-logging-1.1.3.jar:/usr/hadoop/hadoop-2.7.4/share/hadoop/hdfs/lib/asm-3.2.jar:/usr/hadoop/hadoop-2.7.4/share/hadoop/hdfs/lib/commons-io-2.4.jar:/usr/hadoop/hadoop-2.7.4/share/hadoop/hdfs/lib/servlet-api-2.5.jar:/usr/hadoop/hadoop-2.7.4/share/hadoop/hdfs/lib/xercesImpl-2.9.1.jar:/usr/hadoop/hadoop-2.7.4/share/hadoop/hdfs/lib/commons-cli-1.2.jar:/usr/hadoop/hadoop-2.7.4/share/hadoop/hdfs/lib/jsr305-3.0.0.jar:/usr/hadoop/hadoop-2.7.4/share/hadoop/hdfs/lib/commons-lang-2.6.jar:/usr/hadoop/hadoop-2.7.4/share/hadoop/hdfs/lib/netty-all-4.0.23.Final.jar:/usr/hadoop/hadoop-2.7.4/share/hadoop/hdfs/lib/commons-codec-1.4.jar:/usr/hadoop/hadoop-2.7.4/share/hadoop/hdfs/lib/jetty-6.1.26.jar:/usr/hadoop/hadoop-2.7.4/share/hadoop/hdfs/lib/protobuf-java-2.5.0.jar:/usr/hadoop/hadoop-2.7.4/share/hadoop/hdfs/lib/jersey-core-1.9.jar:/usr/hadoop/hadoop-2.7.4/share/hadoop/hdfs/lib/jersey-server-1.9.jar:/usr/hadoop/hadoop-2.7.4/share/hadoop/hdfs/lib/xmlenc-0.52.jar:/usr/hadoop/hadoop-2.7.4/share/hadoop/hdfs/lib/log4j-1.2.17.jar:/usr/hadoop/hadoop-2.7.4/share/hadoop/hdfs/lib/leveldbjni-all-1.8.jar:/usr/hadoop/hadoop-2.7.4/share/hadoop/hdfs/lib/jetty-util-6.1.26.jar:/usr/hadoop/hadoop-2.7.4/share/hadoop/hdfs/lib/xml-apis-1.3.04.jar:/usr/hadoop/hadoop-2.7.4/share/hadoop/hdfs/lib/jackson-core-asl-1.9.13.jar:/usr/hadoop/hadoop-2.7.4/share/hadoop/hdfs/lib/commons-daemon-1.0.13.jar:/usr/hadoop/hadoop-2.7.4/share/hadoop/hdfs/lib/jackson-mapper-asl-1.9.13.jar:/usr/hadoop/hadoop-2.7.4/share/hadoop/hdfs/lib/netty-3.6.2.Final.jar:/usr/hadoop/hadoop-2.7.4/share/hadoop/hdfs/lib/guava-11.0.2.jar:/usr/hadoop/hadoop-2.7.4/share/hadoop/hdfs/lib/htrace-core-3.1.0-incubating.jar:/usr/hadoop/hadoop-2.7.4/share/hadoop/hdfs/hadoop-hdfs-2.7.5.jar:/usr/hadoop/hadoop-2.7.4/share/hadoop/hdfs/hadoop-hdfs-nfs-2.7.5.jar:/usr/hadoop/hadoop-2.7.4/share/hadoop/hdfs/hadoop-hdfs-2.7.5-tests.jar:/usr/hadoop/hadoop-2.7.4/share/hadoop/yarn/lib/jersey-guice-1.9.jar:/usr/hadoop/hadoop-2.7.4/share/hadoop/yarn/lib/commons-logging-1.1.3.jar:/usr/hadoop/hadoop-2.7.4/share/hadoop/yarn/lib/asm-3.2.jar:/usr/hadoop/hadoop-2.7.4/share/hadoop/yarn/lib/commons-io-2.4.jar:/usr/hadoop/hadoop-2.7.4/share/hadoop/yarn/lib/servlet-api-2.5.jar:/usr/hadoop/hadoop-2.7.4/share/hadoop/yarn/lib/jackson-jaxrs-1.9.13.jar:/usr/hadoop/hadoop-2.7.4/share/hadoop/yarn/lib/zookeeper-3.4.6-tests.jar:/usr/hadoop/hadoop-2.7.4/share/hadoop/yarn/lib/zookeeper-3.4.6.jar:/usr/hadoop/hadoop-2.7.4/share/hadoop/yarn/lib/commons-cli-1.2.jar:/usr/hadoop/hadoop-2.7.4/share/hadoop/yarn/lib/jsr305-3.0.0.jar:/usr/hadoop/hadoop-2.7.4/share/hadoop/yarn/lib/commons-lang-2.6.jar:/usr/hadoop/hadoop-2.7.4/share/hadoop/yarn/lib/commons-codec-1.4.jar:/usr/hadoop/hadoop-2.7.4/share/hadoop/yarn/lib/jetty-6.1.26.jar:/usr/hadoop/hadoop-2.7.4/share/hadoop/yarn/lib/stax-api-1.0-2.jar:/usr/hadoop/hadoop-2.7.4/share/hadoop/yarn/lib/commons-collections-3.2.2.jar:/usr/hadoop/hadoop-2.7.4/share/hadoop/yarn/lib/protobuf-java-2.5.0.jar:/usr/hadoop/hadoop-2.7.4/share/hadoop/yarn/lib/jersey-json-1.9.jar:/usr/hadoop/hadoop-2.7.4/share/hadoop/yarn/lib/jersey-core-1.9.jar:/usr/hadoop/hadoop-2.7.4/share/hadoop/yarn/lib/commons-compress-1.4.1.jar:/usr/hadoop/hadoop-2.7.4/share/hadoop/yarn/lib/jackson-xc-1.9.13.jar:/usr/hadoop/hadoop-2.7.4/share/hadoop/yarn/lib/activation-1.1.jar:/usr/hadoop/hadoop-2.7.4/share/hadoop/yarn/lib/jersey-server-1.9.jar:/usr/hadoop/hadoop-2.7.4/share/hadoop/yarn/lib/aopalliance-1.0.jar:/usr/hadoop/hadoop-2.7.4/share/hadoop/yarn/lib/jaxb-api-2.2.2.jar:/usr/hadoop/hadoop-2.7.4/share/hadoop/yarn/lib/guice-servlet-3.0.jar:/usr/hadoop/hadoop-2.7.4/share/hadoop/yarn/lib/jersey-client-1.9.jar:/usr/hadoop/hadoop-2.7.4/share/hadoop/yarn/lib/javax.inject-1.jar:/usr/hadoop/hadoop-2.7.4/share/hadoop/yarn/lib/guice-3.0.jar:/usr/hadoop/hadoop-2.7.4/share/hadoop/yarn/lib/xz-1.0.jar:/usr/hadoop/hadoop-2.7.4/share/hadoop/yarn/lib/jaxb-impl-2.2.3-1.jar:/usr/hadoop/hadoop-2.7.4/share/hadoop/yarn/lib/log4j-1.2.17.jar:/usr/hadoop/hadoop-2.7.4/share/hadoop/yarn/lib/leveldbjni-all-1.8.jar:/usr/hadoop/hadoop-2.7.4/share/hadoop/yarn/lib/jetty-util-6.1.26.jar:/usr/hadoop/hadoop-2.7.4/share/hadoop/yarn/lib/jackson-core-asl-1.9.13.jar:/usr/hadoop/hadoop-2.7.4/share/hadoop/yarn/lib/jettison-1.1.jar:/usr/hadoop/hadoop-2.7.4/share/hadoop/yarn/lib/jackson-mapper-asl-1.9.13.jar:/usr/hadoop/hadoop-2.7.4/share/hadoop/yarn/lib/netty-3.6.2.Final.jar:/usr/hadoop/hadoop-2.7.4/share/hadoop/yarn/lib/guava-11.0.2.jar:/usr/hadoop/hadoop-2.7.4/share/hadoop/yarn/hadoop-yarn-server-resourcemanager-2.7.5.jar:/usr/hadoop/hadoop-2.7.4/share/hadoop/yarn/hadoop-yarn-server-applicationhistoryservice-2.7.5.jar:/usr/hadoop/hadoop-2.7.4/share/hadoop/yarn/hadoop-yarn-server-common-2.7.5.jar:/usr/hadoop/hadoop-2.7.4/share/hadoop/yarn/hadoop-yarn-registry-2.7.5.jar:/usr/hadoop/hadoop-2.7.4/share/hadoop/yarn/hadoop-yarn-api-2.7.5.jar:/usr/hadoop/hadoop-2.7.4/share/hadoop/yarn/hadoop-yarn-server-sharedcachemanager-2.7.5.jar:/usr/hadoop/hadoop-2.7.4/share/hadoop/yarn/hadoop-yarn-applications-unmanaged-am-launcher-2.7.5.jar:/usr/hadoop/hadoop-2.7.4/share/hadoop/yarn/hadoop-yarn-common-2.7.5.jar:/usr/hadoop/hadoop-2.7.4/share/hadoop/yarn/hadoop-yarn-server-nodemanager-2.7.5.jar:/usr/hadoop/hadoop-2.7.4/share/hadoop/yarn/hadoop-yarn-server-web-proxy-2.7.5.jar:/usr/hadoop/hadoop-2.7.4/share/hadoop/yarn/hadoop-yarn-client-2.7.5.jar:/usr/hadoop/hadoop-2.7.4/share/hadoop/yarn/hadoop-yarn-applications-distributedshell-2.7.5.jar:/usr/hadoop/hadoop-2.7.4/share/hadoop/yarn/hadoop-yarn-server-tests-2.7.5.jar:/usr/hadoop/hadoop-2.7.4/share/hadoop/mapreduce/lib/jersey-guice-1.9.jar:/usr/hadoop/hadoop-2.7.4/share/hadoop/mapreduce/lib/snappy-java-1.0.4.1.jar:/usr/hadoop/hadoop-2.7.4/share/hadoop/mapreduce/lib/asm-3.2.jar:/usr/hadoop/hadoop-2.7.4/share/hadoop/mapreduce/lib/commons-io-2.4.jar:/usr/hadoop/hadoop-2.7.4/share/hadoop/mapreduce/lib/avro-1.7.4.jar:/usr/hadoop/hadoop-2.7.4/share/hadoop/mapreduce/lib/hamcrest-core-1.3.jar:/usr/hadoop/hadoop-2.7.4/share/hadoop/mapreduce/lib/protobuf-java-2.5.0.jar:/usr/hadoop/hadoop-2.7.4/share/hadoop/mapreduce/lib/jersey-core-1.9.jar:/usr/hadoop/hadoop-2.7.4/share/hadoop/mapreduce/lib/hadoop-annotations-2.7.5.jar:/usr/hadoop/hadoop-2.7.4/share/hadoop/mapreduce/lib/commons-compress-1.4.1.jar:/usr/hadoop/hadoop-2.7.4/share/hadoop/mapreduce/lib/paranamer-2.3.jar:/usr/hadoop/hadoop-2.7.4/share/hadoop/mapreduce/lib/jersey-server-1.9.jar:/usr/hadoop/hadoop-2.7.4/share/hadoop/mapreduce/lib/aopalliance-1.0.jar:/usr/hadoop/hadoop-2.7.4/share/hadoop/mapreduce/lib/guice-servlet-3.0.jar:/usr/hadoop/hadoop-2.7.4/share/hadoop/mapreduce/lib/junit-4.11.jar:/usr/hadoop/hadoop-2.7.4/share/hadoop/mapreduce/lib/javax.inject-1.jar:/usr/hadoop/hadoop-2.7.4/share/hadoop/mapreduce/lib/guice-3.0.jar:/usr/hadoop/hadoop-2.7.4/share/hadoop/mapreduce/lib/xz-1.0.jar:/usr/hadoop/hadoop-2.7.4/share/hadoop/mapreduce/lib/log4j-1.2.17.jar:/usr/hadoop/hadoop-2.7.4/share/hadoop/mapreduce/lib/leveldbjni-all-1.8.jar:/usr/hadoop/hadoop-2.7.4/share/hadoop/mapreduce/lib/jackson-core-asl-1.9.13.jar:/usr/hadoop/hadoop-2.7.4/share/hadoop/mapreduce/lib/jackson-mapper-asl-1.9.13.jar:/usr/hadoop/hadoop-2.7.4/share/hadoop/mapreduce/lib/netty-3.6.2.Final.jar:/usr/hadoop/hadoop-2.7.4/share/hadoop/mapreduce/hadoop-mapreduce-client-common-2.7.5.jar:/usr/hadoop/hadoop-2.7.4/share/hadoop/mapreduce/hadoop-mapreduce-client-shuffle-2.7.5.jar:/usr/hadoop/hadoop-2.7.4/share/hadoop/mapreduce/hadoop-mapreduce-client-jobclient-2.7.5-tests.jar:/usr/hadoop/hadoop-2.7.4/share/hadoop/mapreduce/hadoop-mapreduce-client-hs-plugins-2.7.5.jar:/usr/hadoop/hadoop-2.7.4/share/hadoop/mapreduce/hadoop-mapreduce-examples-2.7.5.jar:/usr/hadoop/hadoop-2.7.4/share/hadoop/mapreduce/hadoop-mapreduce-client-core-2.7.5.jar:/usr/hadoop/hadoop-2.7.4/share/hadoop/mapreduce/hadoop-mapreduce-client-hs-2.7.5.jar:/usr/hadoop/hadoop-2.7.4/share/hadoop/mapreduce/hadoop-mapreduce-client-jobclient-2.7.5.jar:/usr/hadoop/hadoop-2.7.4/share/hadoop/mapreduce/hadoop-mapreduce-client-app-2.7.5.jar:/contrib/capacity-scheduler/*.jar:/contrib/capacity-scheduler/*.jar:/contrib/capacity-scheduler/*.jar
STARTUP_MSG:   build = https://shv@git-wip-us.apache.org/repos/asf/hadoop.git -r 18065c2b6806ed4aa6a3187d77cbe21bb3dba075; compiled by 'kshvachk' on 2017-12-16T01:06Z
STARTUP_MSG:   java = 1.8.0_161
************************************************************/
2021-05-05 00:32:52,326 INFO org.apache.hadoop.hdfs.server.namenode.SecondaryNameNode: registered UNIX signal handlers for [TERM, HUP, INT]
2021-05-05 00:32:53,183 INFO org.apache.hadoop.metrics2.impl.MetricsConfig: loaded properties from hadoop-metrics2.properties
2021-05-05 00:32:53,259 INFO org.apache.hadoop.metrics2.impl.MetricsSystemImpl: Scheduled snapshot period at 10 second(s).
2021-05-05 00:32:53,259 INFO org.apache.hadoop.metrics2.impl.MetricsSystemImpl: SecondaryNameNode metrics system started
2021-05-05 00:32:54,104 INFO org.apache.hadoop.hdfs.server.common.Storage: Lock on /usr/hadoop/tmp/dfs/namesecondary/in_use.lock acquired by nodename 26580@ccfc7f280e8e
2021-05-05 00:32:54,110 INFO org.apache.hadoop.hdfs.server.namenode.FSNamesystem: No KeyProvider found.
2021-05-05 00:32:54,111 INFO org.apache.hadoop.hdfs.server.namenode.FSNamesystem: fsLock is fair: true
2021-05-05 00:32:54,113 INFO org.apache.hadoop.hdfs.server.namenode.FSNamesystem: Detailed lock hold time metrics enabled: false
2021-05-05 00:32:54,151 INFO org.apache.hadoop.hdfs.server.blockmanagement.DatanodeManager: dfs.block.invalidate.limit=1000
2021-05-05 00:32:54,152 INFO org.apache.hadoop.hdfs.server.blockmanagement.DatanodeManager: dfs.namenode.datanode.registration.ip-hostname-check=true
2021-05-05 00:32:54,153 INFO org.apache.hadoop.hdfs.server.blockmanagement.BlockManager: dfs.namenode.startup.delay.block.deletion.sec is set to 000:00:00:00.000
2021-05-05 00:32:54,155 INFO org.apache.hadoop.hdfs.server.blockmanagement.BlockManager: The block deletion will start around 2021 May 05 00:32:54
2021-05-05 00:32:54,157 INFO org.apache.hadoop.util.GSet: Computing capacity for map BlocksMap
2021-05-05 00:32:54,157 INFO org.apache.hadoop.util.GSet: VM type       = 64-bit
2021-05-05 00:32:54,159 INFO org.apache.hadoop.util.GSet: 2.0% max memory 958.5 MB = 19.2 MB
2021-05-05 00:32:54,159 INFO org.apache.hadoop.util.GSet: capacity      = 2^21 = 2097152 entries
2021-05-05 00:32:54,173 INFO org.apache.hadoop.hdfs.server.blockmanagement.BlockManager: dfs.block.access.token.enable=false
2021-05-05 00:32:54,173 INFO org.apache.hadoop.hdfs.server.blockmanagement.BlockManager: defaultReplication         = 1
2021-05-05 00:32:54,173 INFO org.apache.hadoop.hdfs.server.blockmanagement.BlockManager: maxReplication             = 512
2021-05-05 00:32:54,173 INFO org.apache.hadoop.hdfs.server.blockmanagement.BlockManager: minReplication             = 1
2021-05-05 00:32:54,173 INFO org.apache.hadoop.hdfs.server.blockmanagement.BlockManager: maxReplicationStreams      = 2
2021-05-05 00:32:54,173 INFO org.apache.hadoop.hdfs.server.blockmanagement.BlockManager: replicationRecheckInterval = 3000
2021-05-05 00:32:54,173 INFO org.apache.hadoop.hdfs.server.blockmanagement.BlockManager: encryptDataTransfer        = false
2021-05-05 00:32:54,173 INFO org.apache.hadoop.hdfs.server.blockmanagement.BlockManager: maxNumBlocksToLog          = 1000
2021-05-05 00:32:54,175 INFO org.apache.hadoop.hdfs.server.namenode.FSNamesystem: fsOwner             = root (auth:SIMPLE)
2021-05-05 00:32:54,175 INFO org.apache.hadoop.hdfs.server.namenode.FSNamesystem: supergroup          = supergroup
2021-05-05 00:32:54,175 INFO org.apache.hadoop.hdfs.server.namenode.FSNamesystem: isPermissionEnabled = true
2021-05-05 00:32:54,175 INFO org.apache.hadoop.hdfs.server.namenode.FSNamesystem: HA Enabled: false
2021-05-05 00:32:54,176 INFO org.apache.hadoop.hdfs.server.namenode.FSNamesystem: Append Enabled: true
2021-05-05 00:32:54,411 INFO org.apache.hadoop.util.GSet: Computing capacity for map INodeMap
2021-05-05 00:32:54,411 INFO org.apache.hadoop.util.GSet: VM type       = 64-bit
2021-05-05 00:32:54,412 INFO org.apache.hadoop.util.GSet: 1.0% max memory 958.5 MB = 9.6 MB
2021-05-05 00:32:54,412 INFO org.apache.hadoop.util.GSet: capacity      = 2^20 = 1048576 entries
2021-05-05 00:32:54,413 INFO org.apache.hadoop.hdfs.server.namenode.FSDirectory: ACLs enabled? false
2021-05-05 00:32:54,413 INFO org.apache.hadoop.hdfs.server.namenode.FSDirectory: XAttrs enabled? true
2021-05-05 00:32:54,413 INFO org.apache.hadoop.hdfs.server.namenode.FSDirectory: Maximum size of an xattr: 16384
2021-05-05 00:32:54,413 INFO org.apache.hadoop.hdfs.server.namenode.NameNode: Caching file names occuring more than 10 times
2021-05-05 00:32:54,419 INFO org.apache.hadoop.util.GSet: Computing capacity for map cachedBlocks
2021-05-05 00:32:54,419 INFO org.apache.hadoop.util.GSet: VM type       = 64-bit
2021-05-05 00:32:54,420 INFO org.apache.hadoop.util.GSet: 0.25% max memory 958.5 MB = 2.4 MB
2021-05-05 00:32:54,420 INFO org.apache.hadoop.util.GSet: capacity      = 2^18 = 262144 entries
2021-05-05 00:32:54,421 INFO org.apache.hadoop.hdfs.server.namenode.FSNamesystem: dfs.namenode.safemode.threshold-pct = 0.0
2021-05-05 00:32:54,421 INFO org.apache.hadoop.hdfs.server.namenode.FSNamesystem: dfs.namenode.safemode.min.datanodes = 0
2021-05-05 00:32:54,421 INFO org.apache.hadoop.hdfs.server.namenode.FSNamesystem: dfs.namenode.safemode.extension     = 30000
2021-05-05 00:32:54,424 INFO org.apache.hadoop.hdfs.server.namenode.top.metrics.TopMetrics: NNTop conf: dfs.namenode.top.window.num.buckets = 10
2021-05-05 00:32:54,424 INFO org.apache.hadoop.hdfs.server.namenode.top.metrics.TopMetrics: NNTop conf: dfs.namenode.top.num.users = 10
2021-05-05 00:32:54,424 INFO org.apache.hadoop.hdfs.server.namenode.top.metrics.TopMetrics: NNTop conf: dfs.namenode.top.windows.minutes = 1,5,25
2021-05-05 00:32:54,436 INFO org.apache.hadoop.hdfs.DFSUtil: Starting Web-server for secondary at: http://0.0.0.0:50090
2021-05-05 00:32:54,491 INFO org.mortbay.log: Logging to org.slf4j.impl.Log4jLoggerAdapter(org.mortbay.log) via org.mortbay.log.Slf4jLog
2021-05-05 00:32:54,498 INFO org.apache.hadoop.security.authentication.server.AuthenticationFilter: Unable to initialize FileSignerSecretProvider, falling back to use random secrets.
2021-05-05 00:32:54,502 INFO org.apache.hadoop.http.HttpRequestLog: Http request log for http.requests.secondary is not defined
2021-05-05 00:32:54,507 INFO org.apache.hadoop.http.HttpServer2: Added global filter 'safety' (class=org.apache.hadoop.http.HttpServer2$QuotingInputFilter)
2021-05-05 00:32:54,510 INFO org.apache.hadoop.http.HttpServer2: Added filter static_user_filter (class=org.apache.hadoop.http.lib.StaticUserWebFilter$StaticUserFilter) to context secondary
2021-05-05 00:32:54,510 INFO org.apache.hadoop.http.HttpServer2: Added filter static_user_filter (class=org.apache.hadoop.http.lib.StaticUserWebFilter$StaticUserFilter) to context static
2021-05-05 00:32:54,510 INFO org.apache.hadoop.http.HttpServer2: Added filter static_user_filter (class=org.apache.hadoop.http.lib.StaticUserWebFilter$StaticUserFilter) to context logs
2021-05-05 00:32:54,523 INFO org.apache.hadoop.http.HttpServer2: Jetty bound to port 50090
2021-05-05 00:32:54,523 INFO org.mortbay.log: jetty-6.1.26
2021-05-05 00:32:54,634 INFO org.mortbay.log: Started HttpServer2$SelectChannelConnectorWithSafeStartup@0.0.0.0:50090
2021-05-05 00:32:54,634 INFO org.apache.hadoop.hdfs.server.namenode.SecondaryNameNode: Web server init done
2021-05-05 00:32:54,635 INFO org.apache.hadoop.hdfs.server.namenode.SecondaryNameNode: Checkpoint Period   :3600 secs (60 min)
2021-05-05 00:32:54,635 INFO org.apache.hadoop.hdfs.server.namenode.SecondaryNameNode: Log Size Trigger    :1000000 txns
2021-05-05 00:33:55,015 INFO org.apache.hadoop.hdfs.server.namenode.SecondaryNameNode: Image has changed. Downloading updated image from NN.
2021-05-05 00:33:55,108 INFO org.apache.hadoop.hdfs.server.namenode.TransferFsImage: Opening connection to http://localhost:50070/imagetransfer?getimage=1&txid=0&storageInfo=-63:13745949:0:CID-be062eee-a7e9-4edc-b226-38768de06d0c
2021-05-05 00:33:55,142 INFO org.apache.hadoop.hdfs.server.namenode.TransferFsImage: Image Transfer timeout configured to 60000 milliseconds
2021-05-05 00:33:55,387 INFO org.apache.hadoop.hdfs.server.namenode.TransferFsImage: Transfer took 0.07s at 0.00 KB/s
2021-05-05 00:33:55,387 INFO org.apache.hadoop.hdfs.server.namenode.TransferFsImage: Downloaded file fsimage.ckpt_0000000000000000000 size 320 bytes.
2021-05-05 00:33:55,422 INFO org.apache.hadoop.hdfs.server.namenode.TransferFsImage: Opening connection to http://localhost:50070/imagetransfer?getedit=1&startTxId=1&endTxId=2&storageInfo=-63:13745949:0:CID-be062eee-a7e9-4edc-b226-38768de06d0c
2021-05-05 00:33:55,454 INFO org.apache.hadoop.hdfs.server.namenode.TransferFsImage: Transfer took 0.03s at 0.00 KB/s
2021-05-05 00:33:55,454 INFO org.apache.hadoop.hdfs.server.namenode.TransferFsImage: Downloaded file edits_tmp_0000000000000000001-0000000000000000002_0000000024017852672 size 0 bytes.
2021-05-05 00:33:55,488 INFO org.apache.hadoop.hdfs.server.namenode.FSImageFormatPBINode: Loading 1 INodes.
2021-05-05 00:33:55,512 INFO org.apache.hadoop.hdfs.server.namenode.FSImageFormatProtobuf: Loaded FSImage in 0 seconds.
2021-05-05 00:33:55,512 INFO org.apache.hadoop.hdfs.server.namenode.FSImage: Loaded image for txid 0 from /usr/hadoop/tmp/dfs/namesecondary/current/fsimage_0000000000000000000
2021-05-05 00:33:55,512 INFO org.apache.hadoop.hdfs.server.namenode.NameCache: initialized with 0 entries 0 lookups
2021-05-05 00:33:55,517 INFO org.apache.hadoop.hdfs.server.namenode.Checkpointer: Checkpointer about to load edits from 1 stream(s).
2021-05-05 00:33:55,521 INFO org.apache.hadoop.hdfs.server.namenode.FSImage: Reading /usr/hadoop/tmp/dfs/namesecondary/current/edits_0000000000000000001-0000000000000000002 expecting start txid #1
2021-05-05 00:33:55,521 INFO org.apache.hadoop.hdfs.server.namenode.FSImage: Start loading edits file /usr/hadoop/tmp/dfs/namesecondary/current/edits_0000000000000000001-0000000000000000002
2021-05-05 00:33:55,536 INFO org.apache.hadoop.hdfs.server.namenode.FSImage: Edits file /usr/hadoop/tmp/dfs/namesecondary/current/edits_0000000000000000001-0000000000000000002 of size 42 edits # 2 loaded in 0 seconds
2021-05-05 00:33:55,536 INFO org.apache.hadoop.hdfs.server.namenode.FSImage: Initializing quota with 4 thread(s)
2021-05-05 00:33:55,541 INFO org.apache.hadoop.hdfs.server.namenode.FSImage: Quota initialization completed in 5 milliseconds
name space=1
storage space=0
storage types=RAM_DISK=0, SSD=0, DISK=0, ARCHIVE=0
2021-05-05 00:33:55,545 INFO org.apache.hadoop.hdfs.server.namenode.FSImageFormatProtobuf: Saving image file /usr/hadoop/tmp/dfs/namesecondary/current/fsimage.ckpt_0000000000000000002 using no compression
2021-05-05 00:33:55,579 INFO org.apache.hadoop.hdfs.server.namenode.FSImageFormatProtobuf: Image file /usr/hadoop/tmp/dfs/namesecondary/current/fsimage.ckpt_0000000000000000002 of size 320 bytes saved in 0 seconds.
2021-05-05 00:33:55,605 INFO org.apache.hadoop.hdfs.server.namenode.FSImageTransactionalStorageInspector: No version file in /usr/hadoop/tmp/dfs/namesecondary
2021-05-05 00:33:55,703 INFO org.apache.hadoop.hdfs.server.namenode.TransferFsImage: Uploaded image with txid 2 to namenode at http://localhost:50070 in 0.073 seconds
2021-05-05 00:33:55,703 WARN org.apache.hadoop.hdfs.server.namenode.SecondaryNameNode: Checkpoint done. New Image Size: 320
2021-05-05 01:33:56,094 INFO org.apache.hadoop.hdfs.server.namenode.SecondaryNameNode: Image has not changed. Will not download image.
2021-05-05 01:33:56,094 INFO org.apache.hadoop.hdfs.server.namenode.TransferFsImage: Opening connection to http://localhost:50070/imagetransfer?getedit=1&startTxId=3&endTxId=4&storageInfo=-63:13745949:0:CID-be062eee-a7e9-4edc-b226-38768de06d0c
2021-05-05 01:33:56,132 INFO org.apache.hadoop.hdfs.server.namenode.TransferFsImage: Transfer took 0.03s at 0.00 KB/s
2021-05-05 01:33:56,132 INFO org.apache.hadoop.hdfs.server.namenode.TransferFsImage: Downloaded file edits_tmp_0000000000000000003-0000000000000000004_0000000024021453345 size 0 bytes.
2021-05-05 01:33:56,133 INFO org.apache.hadoop.hdfs.server.namenode.Checkpointer: Checkpointer about to load edits from 1 stream(s).
2021-05-05 01:33:56,133 INFO org.apache.hadoop.hdfs.server.namenode.FSImage: Reading /usr/hadoop/tmp/dfs/namesecondary/current/edits_0000000000000000003-0000000000000000004 expecting start txid #3
2021-05-05 01:33:56,133 INFO org.apache.hadoop.hdfs.server.namenode.FSImage: Start loading edits file /usr/hadoop/tmp/dfs/namesecondary/current/edits_0000000000000000003-0000000000000000004
2021-05-05 01:33:56,134 INFO org.apache.hadoop.hdfs.server.namenode.FSImage: Edits file /usr/hadoop/tmp/dfs/namesecondary/current/edits_0000000000000000003-0000000000000000004 of size 42 edits # 2 loaded in 0 seconds
2021-05-05 01:33:56,134 INFO org.apache.hadoop.hdfs.server.namenode.FSImage: Initializing quota with 4 thread(s)
2021-05-05 01:33:56,135 INFO org.apache.hadoop.hdfs.server.namenode.FSImage: Quota initialization completed in 1 milliseconds
name space=1
storage space=0
storage types=RAM_DISK=0, SSD=0, DISK=0, ARCHIVE=0
2021-05-05 01:33:56,137 INFO org.apache.hadoop.hdfs.server.namenode.FSImageFormatProtobuf: Saving image file /usr/hadoop/tmp/dfs/namesecondary/current/fsimage.ckpt_0000000000000000004 using no compression
2021-05-05 01:33:56,141 INFO org.apache.hadoop.hdfs.server.namenode.FSImageFormatProtobuf: Image file /usr/hadoop/tmp/dfs/namesecondary/current/fsimage.ckpt_0000000000000000004 of size 320 bytes saved in 0 seconds.
2021-05-05 01:33:56,177 INFO org.apache.hadoop.hdfs.server.namenode.NNStorageRetentionManager: Going to retain 2 images with txid >= 2
2021-05-05 01:33:56,178 INFO org.apache.hadoop.hdfs.server.namenode.NNStorageRetentionManager: Purging old image FSImageFile(file=/usr/hadoop/tmp/dfs/namesecondary/current/fsimage_0000000000000000000, cpktTxId=0000000000000000000)
2021-05-05 01:33:56,281 INFO org.apache.hadoop.hdfs.server.namenode.TransferFsImage: Uploaded image with txid 4 to namenode at http://localhost:50070 in 0.087 seconds
2021-05-05 01:33:56,282 WARN org.apache.hadoop.hdfs.server.namenode.SecondaryNameNode: Checkpoint done. New Image Size: 320
2021-05-05 02:33:56,663 INFO org.apache.hadoop.hdfs.server.namenode.SecondaryNameNode: Image has not changed. Will not download image.
2021-05-05 02:33:56,664 INFO org.apache.hadoop.hdfs.server.namenode.TransferFsImage: Opening connection to http://localhost:50070/imagetransfer?getedit=1&startTxId=5&endTxId=6&storageInfo=-63:13745949:0:CID-be062eee-a7e9-4edc-b226-38768de06d0c
2021-05-05 02:33:56,702 INFO org.apache.hadoop.hdfs.server.namenode.TransferFsImage: Transfer took 0.03s at 0.00 KB/s
2021-05-05 02:33:56,702 INFO org.apache.hadoop.hdfs.server.namenode.TransferFsImage: Downloaded file edits_tmp_0000000000000000005-0000000000000000006_0000000024025053914 size 0 bytes.
2021-05-05 02:33:56,703 INFO org.apache.hadoop.hdfs.server.namenode.Checkpointer: Checkpointer about to load edits from 1 stream(s).
2021-05-05 02:33:56,703 INFO org.apache.hadoop.hdfs.server.namenode.FSImage: Reading /usr/hadoop/tmp/dfs/namesecondary/current/edits_0000000000000000005-0000000000000000006 expecting start txid #5
2021-05-05 02:33:56,703 INFO org.apache.hadoop.hdfs.server.namenode.FSImage: Start loading edits file /usr/hadoop/tmp/dfs/namesecondary/current/edits_0000000000000000005-0000000000000000006
2021-05-05 02:33:56,704 INFO org.apache.hadoop.hdfs.server.namenode.FSImage: Edits file /usr/hadoop/tmp/dfs/namesecondary/current/edits_0000000000000000005-0000000000000000006 of size 42 edits # 2 loaded in 0 seconds
2021-05-05 02:33:56,704 INFO org.apache.hadoop.hdfs.server.namenode.FSImage: Initializing quota with 4 thread(s)
2021-05-05 02:33:56,705 INFO org.apache.hadoop.hdfs.server.namenode.FSImage: Quota initialization completed in 1 milliseconds
name space=1
storage space=0
storage types=RAM_DISK=0, SSD=0, DISK=0, ARCHIVE=0
2021-05-05 02:33:56,706 INFO org.apache.hadoop.hdfs.server.namenode.FSImageFormatProtobuf: Saving image file /usr/hadoop/tmp/dfs/namesecondary/current/fsimage.ckpt_0000000000000000006 using no compression
2021-05-05 02:33:56,710 INFO org.apache.hadoop.hdfs.server.namenode.FSImageFormatProtobuf: Image file /usr/hadoop/tmp/dfs/namesecondary/current/fsimage.ckpt_0000000000000000006 of size 320 bytes saved in 0 seconds.
2021-05-05 02:33:56,737 INFO org.apache.hadoop.hdfs.server.namenode.NNStorageRetentionManager: Going to retain 2 images with txid >= 4
2021-05-05 02:33:56,737 INFO org.apache.hadoop.hdfs.server.namenode.NNStorageRetentionManager: Purging old image FSImageFile(file=/usr/hadoop/tmp/dfs/namesecondary/current/fsimage_0000000000000000002, cpktTxId=0000000000000000002)
2021-05-05 02:33:56,840 INFO org.apache.hadoop.hdfs.server.namenode.TransferFsImage: Uploaded image with txid 6 to namenode at http://localhost:50070 in 0.085 seconds
2021-05-05 02:33:56,840 WARN org.apache.hadoop.hdfs.server.namenode.SecondaryNameNode: Checkpoint done. New Image Size: 320
2021-05-05 03:33:57,185 INFO org.apache.hadoop.hdfs.server.namenode.SecondaryNameNode: Image has not changed. Will not download image.
2021-05-05 03:33:57,186 INFO org.apache.hadoop.hdfs.server.namenode.TransferFsImage: Opening connection to http://localhost:50070/imagetransfer?getedit=1&startTxId=7&endTxId=8&storageInfo=-63:13745949:0:CID-be062eee-a7e9-4edc-b226-38768de06d0c
2021-05-05 03:33:57,224 INFO org.apache.hadoop.hdfs.server.namenode.TransferFsImage: Transfer took 0.04s at 0.00 KB/s
2021-05-05 03:33:57,224 INFO org.apache.hadoop.hdfs.server.namenode.TransferFsImage: Downloaded file edits_tmp_0000000000000000007-0000000000000000008_0000000024028654436 size 0 bytes.
2021-05-05 03:33:57,225 INFO org.apache.hadoop.hdfs.server.namenode.Checkpointer: Checkpointer about to load edits from 1 stream(s).
2021-05-05 03:33:57,225 INFO org.apache.hadoop.hdfs.server.namenode.FSImage: Reading /usr/hadoop/tmp/dfs/namesecondary/current/edits_0000000000000000007-0000000000000000008 expecting start txid #7
2021-05-05 03:33:57,225 INFO org.apache.hadoop.hdfs.server.namenode.FSImage: Start loading edits file /usr/hadoop/tmp/dfs/namesecondary/current/edits_0000000000000000007-0000000000000000008
2021-05-05 03:33:57,226 INFO org.apache.hadoop.hdfs.server.namenode.FSImage: Edits file /usr/hadoop/tmp/dfs/namesecondary/current/edits_0000000000000000007-0000000000000000008 of size 42 edits # 2 loaded in 0 seconds
2021-05-05 03:33:57,226 INFO org.apache.hadoop.hdfs.server.namenode.FSImage: Initializing quota with 4 thread(s)
2021-05-05 03:33:57,227 INFO org.apache.hadoop.hdfs.server.namenode.FSImage: Quota initialization completed in 1 milliseconds
name space=1
storage space=0
storage types=RAM_DISK=0, SSD=0, DISK=0, ARCHIVE=0
2021-05-05 03:33:57,228 INFO org.apache.hadoop.hdfs.server.namenode.FSImageFormatProtobuf: Saving image file /usr/hadoop/tmp/dfs/namesecondary/current/fsimage.ckpt_0000000000000000008 using no compression
2021-05-05 03:33:57,232 INFO org.apache.hadoop.hdfs.server.namenode.FSImageFormatProtobuf: Image file /usr/hadoop/tmp/dfs/namesecondary/current/fsimage.ckpt_0000000000000000008 of size 320 bytes saved in 0 seconds.
2021-05-05 03:33:57,267 INFO org.apache.hadoop.hdfs.server.namenode.NNStorageRetentionManager: Going to retain 2 images with txid >= 6
2021-05-05 03:33:57,267 INFO org.apache.hadoop.hdfs.server.namenode.NNStorageRetentionManager: Purging old image FSImageFile(file=/usr/hadoop/tmp/dfs/namesecondary/current/fsimage_0000000000000000004, cpktTxId=0000000000000000004)
2021-05-05 03:33:57,353 INFO org.apache.hadoop.hdfs.server.namenode.TransferFsImage: Uploaded image with txid 8 to namenode at http://localhost:50070 in 0.071 seconds
2021-05-05 03:33:57,354 WARN org.apache.hadoop.hdfs.server.namenode.SecondaryNameNode: Checkpoint done. New Image Size: 320
2021-05-05 04:33:57,714 INFO org.apache.hadoop.hdfs.server.namenode.SecondaryNameNode: Image has not changed. Will not download image.
2021-05-05 04:33:57,715 INFO org.apache.hadoop.hdfs.server.namenode.TransferFsImage: Opening connection to http://localhost:50070/imagetransfer?getedit=1&startTxId=9&endTxId=10&storageInfo=-63:13745949:0:CID-be062eee-a7e9-4edc-b226-38768de06d0c
2021-05-05 04:33:57,754 INFO org.apache.hadoop.hdfs.server.namenode.TransferFsImage: Transfer took 0.04s at 0.00 KB/s
2021-05-05 04:33:57,754 INFO org.apache.hadoop.hdfs.server.namenode.TransferFsImage: Downloaded file edits_tmp_0000000000000000009-0000000000000000010_0000000024032254965 size 0 bytes.
2021-05-05 04:33:57,754 INFO org.apache.hadoop.hdfs.server.namenode.Checkpointer: Checkpointer about to load edits from 1 stream(s).
2021-05-05 04:33:57,754 INFO org.apache.hadoop.hdfs.server.namenode.FSImage: Reading /usr/hadoop/tmp/dfs/namesecondary/current/edits_0000000000000000009-0000000000000000010 expecting start txid #9
2021-05-05 04:33:57,754 INFO org.apache.hadoop.hdfs.server.namenode.FSImage: Start loading edits file /usr/hadoop/tmp/dfs/namesecondary/current/edits_0000000000000000009-0000000000000000010
2021-05-05 04:33:57,755 INFO org.apache.hadoop.hdfs.server.namenode.FSImage: Edits file /usr/hadoop/tmp/dfs/namesecondary/current/edits_0000000000000000009-0000000000000000010 of size 42 edits # 2 loaded in 0 seconds
2021-05-05 04:33:57,755 INFO org.apache.hadoop.hdfs.server.namenode.FSImage: Initializing quota with 4 thread(s)
2021-05-05 04:33:57,756 INFO org.apache.hadoop.hdfs.server.namenode.FSImage: Quota initialization completed in 1 milliseconds
name space=1
storage space=0
storage types=RAM_DISK=0, SSD=0, DISK=0, ARCHIVE=0
2021-05-05 04:33:57,757 INFO org.apache.hadoop.hdfs.server.namenode.FSImageFormatProtobuf: Saving image file /usr/hadoop/tmp/dfs/namesecondary/current/fsimage.ckpt_0000000000000000010 using no compression
2021-05-05 04:33:57,762 INFO org.apache.hadoop.hdfs.server.namenode.FSImageFormatProtobuf: Image file /usr/hadoop/tmp/dfs/namesecondary/current/fsimage.ckpt_0000000000000000010 of size 320 bytes saved in 0 seconds.
2021-05-05 04:33:57,796 INFO org.apache.hadoop.hdfs.server.namenode.NNStorageRetentionManager: Going to retain 2 images with txid >= 8
2021-05-05 04:33:57,796 INFO org.apache.hadoop.hdfs.server.namenode.NNStorageRetentionManager: Purging old image FSImageFile(file=/usr/hadoop/tmp/dfs/namesecondary/current/fsimage_0000000000000000006, cpktTxId=0000000000000000006)
2021-05-05 04:33:57,883 INFO org.apache.hadoop.hdfs.server.namenode.TransferFsImage: Uploaded image with txid 10 to namenode at http://localhost:50070 in 0.073 seconds
2021-05-05 04:33:57,883 WARN org.apache.hadoop.hdfs.server.namenode.SecondaryNameNode: Checkpoint done. New Image Size: 320
