2021-05-05 00:32:58,258 INFO org.apache.hadoop.yarn.server.resourcemanager.ResourceManager: STARTUP_MSG: 
/************************************************************
STARTUP_MSG: Starting ResourceManager
STARTUP_MSG:   host = ccfc7f280e8e/172.17.0.8
STARTUP_MSG:   args = []
STARTUP_MSG:   version = 2.7.5
STARTUP_MSG:   classpath = /usr/hadoop/hadoop-2.7.4/etc/hadoop:/usr/hadoop/hadoop-2.7.4/etc/hadoop:/usr/hadoop/hadoop-2.7.4/etc/hadoop:/usr/hadoop/hadoop-2.7.4/share/hadoop/common/lib/snappy-java-1.0.4.1.jar:/usr/hadoop/hadoop-2.7.4/share/hadoop/common/lib/commons-logging-1.1.3.jar:/usr/hadoop/hadoop-2.7.4/share/hadoop/common/lib/asm-3.2.jar:/usr/hadoop/hadoop-2.7.4/share/hadoop/common/lib/commons-io-2.4.jar:/usr/hadoop/hadoop-2.7.4/share/hadoop/common/lib/servlet-api-2.5.jar:/usr/hadoop/hadoop-2.7.4/share/hadoop/common/lib/apacheds-kerberos-codec-2.0.0-M15.jar:/usr/hadoop/hadoop-2.7.4/share/hadoop/common/lib/curator-recipes-2.7.1.jar:/usr/hadoop/hadoop-2.7.4/share/hadoop/common/lib/avro-1.7.4.jar:/usr/hadoop/hadoop-2.7.4/share/hadoop/common/lib/jackson-jaxrs-1.9.13.jar:/usr/hadoop/hadoop-2.7.4/share/hadoop/common/lib/commons-configuration-1.6.jar:/usr/hadoop/hadoop-2.7.4/share/hadoop/common/lib/zookeeper-3.4.6.jar:/usr/hadoop/hadoop-2.7.4/share/hadoop/common/lib/commons-cli-1.2.jar:/usr/hadoop/hadoop-2.7.4/share/hadoop/common/lib/jsch-0.1.54.jar:/usr/hadoop/hadoop-2.7.4/share/hadoop/common/lib/jsr305-3.0.0.jar:/usr/hadoop/hadoop-2.7.4/share/hadoop/common/lib/commons-lang-2.6.jar:/usr/hadoop/hadoop-2.7.4/share/hadoop/common/lib/api-asn1-api-1.0.0-M20.jar:/usr/hadoop/hadoop-2.7.4/share/hadoop/common/lib/commons-codec-1.4.jar:/usr/hadoop/hadoop-2.7.4/share/hadoop/common/lib/hamcrest-core-1.3.jar:/usr/hadoop/hadoop-2.7.4/share/hadoop/common/lib/httpcore-4.2.5.jar:/usr/hadoop/hadoop-2.7.4/share/hadoop/common/lib/jetty-6.1.26.jar:/usr/hadoop/hadoop-2.7.4/share/hadoop/common/lib/commons-math3-3.1.1.jar:/usr/hadoop/hadoop-2.7.4/share/hadoop/common/lib/stax-api-1.0-2.jar:/usr/hadoop/hadoop-2.7.4/share/hadoop/common/lib/commons-collections-3.2.2.jar:/usr/hadoop/hadoop-2.7.4/share/hadoop/common/lib/protobuf-java-2.5.0.jar:/usr/hadoop/hadoop-2.7.4/share/hadoop/common/lib/jersey-json-1.9.jar:/usr/hadoop/hadoop-2.7.4/share/hadoop/common/lib/jersey-core-1.9.jar:/usr/hadoop/hadoop-2.7.4/share/hadoop/common/lib/hadoop-annotations-2.7.5.jar:/usr/hadoop/hadoop-2.7.4/share/hadoop/common/lib/commons-compress-1.4.1.jar:/usr/hadoop/hadoop-2.7.4/share/hadoop/common/lib/mockito-all-1.8.5.jar:/usr/hadoop/hadoop-2.7.4/share/hadoop/common/lib/jackson-xc-1.9.13.jar:/usr/hadoop/hadoop-2.7.4/share/hadoop/common/lib/curator-framework-2.7.1.jar:/usr/hadoop/hadoop-2.7.4/share/hadoop/common/lib/paranamer-2.3.jar:/usr/hadoop/hadoop-2.7.4/share/hadoop/common/lib/activation-1.1.jar:/usr/hadoop/hadoop-2.7.4/share/hadoop/common/lib/jersey-server-1.9.jar:/usr/hadoop/hadoop-2.7.4/share/hadoop/common/lib/jaxb-api-2.2.2.jar:/usr/hadoop/hadoop-2.7.4/share/hadoop/common/lib/jsp-api-2.1.jar:/usr/hadoop/hadoop-2.7.4/share/hadoop/common/lib/junit-4.11.jar:/usr/hadoop/hadoop-2.7.4/share/hadoop/common/lib/commons-httpclient-3.1.jar:/usr/hadoop/hadoop-2.7.4/share/hadoop/common/lib/hadoop-auth-2.7.5.jar:/usr/hadoop/hadoop-2.7.4/share/hadoop/common/lib/xmlenc-0.52.jar:/usr/hadoop/hadoop-2.7.4/share/hadoop/common/lib/xz-1.0.jar:/usr/hadoop/hadoop-2.7.4/share/hadoop/common/lib/jaxb-impl-2.2.3-1.jar:/usr/hadoop/hadoop-2.7.4/share/hadoop/common/lib/log4j-1.2.17.jar:/usr/hadoop/hadoop-2.7.4/share/hadoop/common/lib/slf4j-log4j12-1.7.10.jar:/usr/hadoop/hadoop-2.7.4/share/hadoop/common/lib/curator-client-2.7.1.jar:/usr/hadoop/hadoop-2.7.4/share/hadoop/common/lib/jetty-util-6.1.26.jar:/usr/hadoop/hadoop-2.7.4/share/hadoop/common/lib/java-xmlbuilder-0.4.jar:/usr/hadoop/hadoop-2.7.4/share/hadoop/common/lib/httpclient-4.2.5.jar:/usr/hadoop/hadoop-2.7.4/share/hadoop/common/lib/jackson-core-asl-1.9.13.jar:/usr/hadoop/hadoop-2.7.4/share/hadoop/common/lib/apacheds-i18n-2.0.0-M15.jar:/usr/hadoop/hadoop-2.7.4/share/hadoop/common/lib/jettison-1.1.jar:/usr/hadoop/hadoop-2.7.4/share/hadoop/common/lib/jackson-mapper-asl-1.9.13.jar:/usr/hadoop/hadoop-2.7.4/share/hadoop/common/lib/jets3t-0.9.0.jar:/usr/hadoop/hadoop-2.7.4/share/hadoop/common/lib/slf4j-api-1.7.10.jar:/usr/hadoop/hadoop-2.7.4/share/hadoop/common/lib/jetty-sslengine-6.1.26.jar:/usr/hadoop/hadoop-2.7.4/share/hadoop/common/lib/netty-3.6.2.Final.jar:/usr/hadoop/hadoop-2.7.4/share/hadoop/common/lib/commons-digester-1.8.jar:/usr/hadoop/hadoop-2.7.4/share/hadoop/common/lib/commons-beanutils-1.7.0.jar:/usr/hadoop/hadoop-2.7.4/share/hadoop/common/lib/guava-11.0.2.jar:/usr/hadoop/hadoop-2.7.4/share/hadoop/common/lib/api-util-1.0.0-M20.jar:/usr/hadoop/hadoop-2.7.4/share/hadoop/common/lib/htrace-core-3.1.0-incubating.jar:/usr/hadoop/hadoop-2.7.4/share/hadoop/common/lib/commons-beanutils-core-1.8.0.jar:/usr/hadoop/hadoop-2.7.4/share/hadoop/common/lib/commons-net-3.1.jar:/usr/hadoop/hadoop-2.7.4/share/hadoop/common/lib/gson-2.2.4.jar:/usr/hadoop/hadoop-2.7.4/share/hadoop/common/hadoop-nfs-2.7.5.jar:/usr/hadoop/hadoop-2.7.4/share/hadoop/common/hadoop-common-2.7.5.jar:/usr/hadoop/hadoop-2.7.4/share/hadoop/common/hadoop-common-2.7.5-tests.jar:/usr/hadoop/hadoop-2.7.4/share/hadoop/hdfs:/usr/hadoop/hadoop-2.7.4/share/hadoop/hdfs/lib/commons-logging-1.1.3.jar:/usr/hadoop/hadoop-2.7.4/share/hadoop/hdfs/lib/asm-3.2.jar:/usr/hadoop/hadoop-2.7.4/share/hadoop/hdfs/lib/commons-io-2.4.jar:/usr/hadoop/hadoop-2.7.4/share/hadoop/hdfs/lib/servlet-api-2.5.jar:/usr/hadoop/hadoop-2.7.4/share/hadoop/hdfs/lib/xercesImpl-2.9.1.jar:/usr/hadoop/hadoop-2.7.4/share/hadoop/hdfs/lib/commons-cli-1.2.jar:/usr/hadoop/hadoop-2.7.4/share/hadoop/hdfs/lib/jsr305-3.0.0.jar:/usr/hadoop/hadoop-2.7.4/share/hadoop/hdfs/lib/commons-lang-2.6.jar:/usr/hadoop/hadoop-2.7.4/share/hadoop/hdfs/lib/netty-all-4.0.23.Final.jar:/usr/hadoop/hadoop-2.7.4/share/hadoop/hdfs/lib/commons-codec-1.4.jar:/usr/hadoop/hadoop-2.7.4/share/hadoop/hdfs/lib/jetty-6.1.26.jar:/usr/hadoop/hadoop-2.7.4/share/hadoop/hdfs/lib/protobuf-java-2.5.0.jar:/usr/hadoop/hadoop-2.7.4/share/hadoop/hdfs/lib/jersey-core-1.9.jar:/usr/hadoop/hadoop-2.7.4/share/hadoop/hdfs/lib/jersey-server-1.9.jar:/usr/hadoop/hadoop-2.7.4/share/hadoop/hdfs/lib/xmlenc-0.52.jar:/usr/hadoop/hadoop-2.7.4/share/hadoop/hdfs/lib/log4j-1.2.17.jar:/usr/hadoop/hadoop-2.7.4/share/hadoop/hdfs/lib/leveldbjni-all-1.8.jar:/usr/hadoop/hadoop-2.7.4/share/hadoop/hdfs/lib/jetty-util-6.1.26.jar:/usr/hadoop/hadoop-2.7.4/share/hadoop/hdfs/lib/xml-apis-1.3.04.jar:/usr/hadoop/hadoop-2.7.4/share/hadoop/hdfs/lib/jackson-core-asl-1.9.13.jar:/usr/hadoop/hadoop-2.7.4/share/hadoop/hdfs/lib/commons-daemon-1.0.13.jar:/usr/hadoop/hadoop-2.7.4/share/hadoop/hdfs/lib/jackson-mapper-asl-1.9.13.jar:/usr/hadoop/hadoop-2.7.4/share/hadoop/hdfs/lib/netty-3.6.2.Final.jar:/usr/hadoop/hadoop-2.7.4/share/hadoop/hdfs/lib/guava-11.0.2.jar:/usr/hadoop/hadoop-2.7.4/share/hadoop/hdfs/lib/htrace-core-3.1.0-incubating.jar:/usr/hadoop/hadoop-2.7.4/share/hadoop/hdfs/hadoop-hdfs-2.7.5.jar:/usr/hadoop/hadoop-2.7.4/share/hadoop/hdfs/hadoop-hdfs-nfs-2.7.5.jar:/usr/hadoop/hadoop-2.7.4/share/hadoop/hdfs/hadoop-hdfs-2.7.5-tests.jar:/usr/hadoop/hadoop-2.7.4/share/hadoop/yarn/lib/jersey-guice-1.9.jar:/usr/hadoop/hadoop-2.7.4/share/hadoop/yarn/lib/commons-logging-1.1.3.jar:/usr/hadoop/hadoop-2.7.4/share/hadoop/yarn/lib/asm-3.2.jar:/usr/hadoop/hadoop-2.7.4/share/hadoop/yarn/lib/commons-io-2.4.jar:/usr/hadoop/hadoop-2.7.4/share/hadoop/yarn/lib/servlet-api-2.5.jar:/usr/hadoop/hadoop-2.7.4/share/hadoop/yarn/lib/jackson-jaxrs-1.9.13.jar:/usr/hadoop/hadoop-2.7.4/share/hadoop/yarn/lib/zookeeper-3.4.6-tests.jar:/usr/hadoop/hadoop-2.7.4/share/hadoop/yarn/lib/zookeeper-3.4.6.jar:/usr/hadoop/hadoop-2.7.4/share/hadoop/yarn/lib/commons-cli-1.2.jar:/usr/hadoop/hadoop-2.7.4/share/hadoop/yarn/lib/jsr305-3.0.0.jar:/usr/hadoop/hadoop-2.7.4/share/hadoop/yarn/lib/commons-lang-2.6.jar:/usr/hadoop/hadoop-2.7.4/share/hadoop/yarn/lib/commons-codec-1.4.jar:/usr/hadoop/hadoop-2.7.4/share/hadoop/yarn/lib/jetty-6.1.26.jar:/usr/hadoop/hadoop-2.7.4/share/hadoop/yarn/lib/stax-api-1.0-2.jar:/usr/hadoop/hadoop-2.7.4/share/hadoop/yarn/lib/commons-collections-3.2.2.jar:/usr/hadoop/hadoop-2.7.4/share/hadoop/yarn/lib/protobuf-java-2.5.0.jar:/usr/hadoop/hadoop-2.7.4/share/hadoop/yarn/lib/jersey-json-1.9.jar:/usr/hadoop/hadoop-2.7.4/share/hadoop/yarn/lib/jersey-core-1.9.jar:/usr/hadoop/hadoop-2.7.4/share/hadoop/yarn/lib/commons-compress-1.4.1.jar:/usr/hadoop/hadoop-2.7.4/share/hadoop/yarn/lib/jackson-xc-1.9.13.jar:/usr/hadoop/hadoop-2.7.4/share/hadoop/yarn/lib/activation-1.1.jar:/usr/hadoop/hadoop-2.7.4/share/hadoop/yarn/lib/jersey-server-1.9.jar:/usr/hadoop/hadoop-2.7.4/share/hadoop/yarn/lib/aopalliance-1.0.jar:/usr/hadoop/hadoop-2.7.4/share/hadoop/yarn/lib/jaxb-api-2.2.2.jar:/usr/hadoop/hadoop-2.7.4/share/hadoop/yarn/lib/guice-servlet-3.0.jar:/usr/hadoop/hadoop-2.7.4/share/hadoop/yarn/lib/jersey-client-1.9.jar:/usr/hadoop/hadoop-2.7.4/share/hadoop/yarn/lib/javax.inject-1.jar:/usr/hadoop/hadoop-2.7.4/share/hadoop/yarn/lib/guice-3.0.jar:/usr/hadoop/hadoop-2.7.4/share/hadoop/yarn/lib/xz-1.0.jar:/usr/hadoop/hadoop-2.7.4/share/hadoop/yarn/lib/jaxb-impl-2.2.3-1.jar:/usr/hadoop/hadoop-2.7.4/share/hadoop/yarn/lib/log4j-1.2.17.jar:/usr/hadoop/hadoop-2.7.4/share/hadoop/yarn/lib/leveldbjni-all-1.8.jar:/usr/hadoop/hadoop-2.7.4/share/hadoop/yarn/lib/jetty-util-6.1.26.jar:/usr/hadoop/hadoop-2.7.4/share/hadoop/yarn/lib/jackson-core-asl-1.9.13.jar:/usr/hadoop/hadoop-2.7.4/share/hadoop/yarn/lib/jettison-1.1.jar:/usr/hadoop/hadoop-2.7.4/share/hadoop/yarn/lib/jackson-mapper-asl-1.9.13.jar:/usr/hadoop/hadoop-2.7.4/share/hadoop/yarn/lib/netty-3.6.2.Final.jar:/usr/hadoop/hadoop-2.7.4/share/hadoop/yarn/lib/guava-11.0.2.jar:/usr/hadoop/hadoop-2.7.4/share/hadoop/yarn/hadoop-yarn-server-resourcemanager-2.7.5.jar:/usr/hadoop/hadoop-2.7.4/share/hadoop/yarn/hadoop-yarn-server-applicationhistoryservice-2.7.5.jar:/usr/hadoop/hadoop-2.7.4/share/hadoop/yarn/hadoop-yarn-server-common-2.7.5.jar:/usr/hadoop/hadoop-2.7.4/share/hadoop/yarn/hadoop-yarn-registry-2.7.5.jar:/usr/hadoop/hadoop-2.7.4/share/hadoop/yarn/hadoop-yarn-api-2.7.5.jar:/usr/hadoop/hadoop-2.7.4/share/hadoop/yarn/hadoop-yarn-server-sharedcachemanager-2.7.5.jar:/usr/hadoop/hadoop-2.7.4/share/hadoop/yarn/hadoop-yarn-applications-unmanaged-am-launcher-2.7.5.jar:/usr/hadoop/hadoop-2.7.4/share/hadoop/yarn/hadoop-yarn-common-2.7.5.jar:/usr/hadoop/hadoop-2.7.4/share/hadoop/yarn/hadoop-yarn-server-nodemanager-2.7.5.jar:/usr/hadoop/hadoop-2.7.4/share/hadoop/yarn/hadoop-yarn-server-web-proxy-2.7.5.jar:/usr/hadoop/hadoop-2.7.4/share/hadoop/yarn/hadoop-yarn-client-2.7.5.jar:/usr/hadoop/hadoop-2.7.4/share/hadoop/yarn/hadoop-yarn-applications-distributedshell-2.7.5.jar:/usr/hadoop/hadoop-2.7.4/share/hadoop/yarn/hadoop-yarn-server-tests-2.7.5.jar:/usr/hadoop/hadoop-2.7.4/share/hadoop/mapreduce/lib/jersey-guice-1.9.jar:/usr/hadoop/hadoop-2.7.4/share/hadoop/mapreduce/lib/snappy-java-1.0.4.1.jar:/usr/hadoop/hadoop-2.7.4/share/hadoop/mapreduce/lib/asm-3.2.jar:/usr/hadoop/hadoop-2.7.4/share/hadoop/mapreduce/lib/commons-io-2.4.jar:/usr/hadoop/hadoop-2.7.4/share/hadoop/mapreduce/lib/avro-1.7.4.jar:/usr/hadoop/hadoop-2.7.4/share/hadoop/mapreduce/lib/hamcrest-core-1.3.jar:/usr/hadoop/hadoop-2.7.4/share/hadoop/mapreduce/lib/protobuf-java-2.5.0.jar:/usr/hadoop/hadoop-2.7.4/share/hadoop/mapreduce/lib/jersey-core-1.9.jar:/usr/hadoop/hadoop-2.7.4/share/hadoop/mapreduce/lib/hadoop-annotations-2.7.5.jar:/usr/hadoop/hadoop-2.7.4/share/hadoop/mapreduce/lib/commons-compress-1.4.1.jar:/usr/hadoop/hadoop-2.7.4/share/hadoop/mapreduce/lib/paranamer-2.3.jar:/usr/hadoop/hadoop-2.7.4/share/hadoop/mapreduce/lib/jersey-server-1.9.jar:/usr/hadoop/hadoop-2.7.4/share/hadoop/mapreduce/lib/aopalliance-1.0.jar:/usr/hadoop/hadoop-2.7.4/share/hadoop/mapreduce/lib/guice-servlet-3.0.jar:/usr/hadoop/hadoop-2.7.4/share/hadoop/mapreduce/lib/junit-4.11.jar:/usr/hadoop/hadoop-2.7.4/share/hadoop/mapreduce/lib/javax.inject-1.jar:/usr/hadoop/hadoop-2.7.4/share/hadoop/mapreduce/lib/guice-3.0.jar:/usr/hadoop/hadoop-2.7.4/share/hadoop/mapreduce/lib/xz-1.0.jar:/usr/hadoop/hadoop-2.7.4/share/hadoop/mapreduce/lib/log4j-1.2.17.jar:/usr/hadoop/hadoop-2.7.4/share/hadoop/mapreduce/lib/leveldbjni-all-1.8.jar:/usr/hadoop/hadoop-2.7.4/share/hadoop/mapreduce/lib/jackson-core-asl-1.9.13.jar:/usr/hadoop/hadoop-2.7.4/share/hadoop/mapreduce/lib/jackson-mapper-asl-1.9.13.jar:/usr/hadoop/hadoop-2.7.4/share/hadoop/mapreduce/lib/netty-3.6.2.Final.jar:/usr/hadoop/hadoop-2.7.4/share/hadoop/mapreduce/hadoop-mapreduce-client-common-2.7.5.jar:/usr/hadoop/hadoop-2.7.4/share/hadoop/mapreduce/hadoop-mapreduce-client-shuffle-2.7.5.jar:/usr/hadoop/hadoop-2.7.4/share/hadoop/mapreduce/hadoop-mapreduce-client-jobclient-2.7.5-tests.jar:/usr/hadoop/hadoop-2.7.4/share/hadoop/mapreduce/hadoop-mapreduce-client-hs-plugins-2.7.5.jar:/usr/hadoop/hadoop-2.7.4/share/hadoop/mapreduce/hadoop-mapreduce-examples-2.7.5.jar:/usr/hadoop/hadoop-2.7.4/share/hadoop/mapreduce/hadoop-mapreduce-client-core-2.7.5.jar:/usr/hadoop/hadoop-2.7.4/share/hadoop/mapreduce/hadoop-mapreduce-client-hs-2.7.5.jar:/usr/hadoop/hadoop-2.7.4/share/hadoop/mapreduce/hadoop-mapreduce-client-jobclient-2.7.5.jar:/usr/hadoop/hadoop-2.7.4/share/hadoop/mapreduce/hadoop-mapreduce-client-app-2.7.5.jar:/usr/hadoop/hadoop-2.7.4/contrib/capacity-scheduler/*.jar:/usr/hadoop/hadoop-2.7.4/contrib/capacity-scheduler/*.jar:/usr/hadoop/hadoop-2.7.4/contrib/capacity-scheduler/*.jar:/usr/hadoop/hadoop-2.7.4/contrib/capacity-scheduler/*.jar:/usr/hadoop/hadoop-2.7.4/share/hadoop/yarn/hadoop-yarn-server-resourcemanager-2.7.5.jar:/usr/hadoop/hadoop-2.7.4/share/hadoop/yarn/hadoop-yarn-server-applicationhistoryservice-2.7.5.jar:/usr/hadoop/hadoop-2.7.4/share/hadoop/yarn/hadoop-yarn-server-common-2.7.5.jar:/usr/hadoop/hadoop-2.7.4/share/hadoop/yarn/hadoop-yarn-registry-2.7.5.jar:/usr/hadoop/hadoop-2.7.4/share/hadoop/yarn/hadoop-yarn-api-2.7.5.jar:/usr/hadoop/hadoop-2.7.4/share/hadoop/yarn/hadoop-yarn-server-sharedcachemanager-2.7.5.jar:/usr/hadoop/hadoop-2.7.4/share/hadoop/yarn/hadoop-yarn-applications-unmanaged-am-launcher-2.7.5.jar:/usr/hadoop/hadoop-2.7.4/share/hadoop/yarn/hadoop-yarn-common-2.7.5.jar:/usr/hadoop/hadoop-2.7.4/share/hadoop/yarn/hadoop-yarn-server-nodemanager-2.7.5.jar:/usr/hadoop/hadoop-2.7.4/share/hadoop/yarn/hadoop-yarn-server-web-proxy-2.7.5.jar:/usr/hadoop/hadoop-2.7.4/share/hadoop/yarn/hadoop-yarn-client-2.7.5.jar:/usr/hadoop/hadoop-2.7.4/share/hadoop/yarn/hadoop-yarn-applications-distributedshell-2.7.5.jar:/usr/hadoop/hadoop-2.7.4/share/hadoop/yarn/hadoop-yarn-server-tests-2.7.5.jar:/usr/hadoop/hadoop-2.7.4/share/hadoop/yarn/lib/jersey-guice-1.9.jar:/usr/hadoop/hadoop-2.7.4/share/hadoop/yarn/lib/commons-logging-1.1.3.jar:/usr/hadoop/hadoop-2.7.4/share/hadoop/yarn/lib/asm-3.2.jar:/usr/hadoop/hadoop-2.7.4/share/hadoop/yarn/lib/commons-io-2.4.jar:/usr/hadoop/hadoop-2.7.4/share/hadoop/yarn/lib/servlet-api-2.5.jar:/usr/hadoop/hadoop-2.7.4/share/hadoop/yarn/lib/jackson-jaxrs-1.9.13.jar:/usr/hadoop/hadoop-2.7.4/share/hadoop/yarn/lib/zookeeper-3.4.6-tests.jar:/usr/hadoop/hadoop-2.7.4/share/hadoop/yarn/lib/zookeeper-3.4.6.jar:/usr/hadoop/hadoop-2.7.4/share/hadoop/yarn/lib/commons-cli-1.2.jar:/usr/hadoop/hadoop-2.7.4/share/hadoop/yarn/lib/jsr305-3.0.0.jar:/usr/hadoop/hadoop-2.7.4/share/hadoop/yarn/lib/commons-lang-2.6.jar:/usr/hadoop/hadoop-2.7.4/share/hadoop/yarn/lib/commons-codec-1.4.jar:/usr/hadoop/hadoop-2.7.4/share/hadoop/yarn/lib/jetty-6.1.26.jar:/usr/hadoop/hadoop-2.7.4/share/hadoop/yarn/lib/stax-api-1.0-2.jar:/usr/hadoop/hadoop-2.7.4/share/hadoop/yarn/lib/commons-collections-3.2.2.jar:/usr/hadoop/hadoop-2.7.4/share/hadoop/yarn/lib/protobuf-java-2.5.0.jar:/usr/hadoop/hadoop-2.7.4/share/hadoop/yarn/lib/jersey-json-1.9.jar:/usr/hadoop/hadoop-2.7.4/share/hadoop/yarn/lib/jersey-core-1.9.jar:/usr/hadoop/hadoop-2.7.4/share/hadoop/yarn/lib/commons-compress-1.4.1.jar:/usr/hadoop/hadoop-2.7.4/share/hadoop/yarn/lib/jackson-xc-1.9.13.jar:/usr/hadoop/hadoop-2.7.4/share/hadoop/yarn/lib/activation-1.1.jar:/usr/hadoop/hadoop-2.7.4/share/hadoop/yarn/lib/jersey-server-1.9.jar:/usr/hadoop/hadoop-2.7.4/share/hadoop/yarn/lib/aopalliance-1.0.jar:/usr/hadoop/hadoop-2.7.4/share/hadoop/yarn/lib/jaxb-api-2.2.2.jar:/usr/hadoop/hadoop-2.7.4/share/hadoop/yarn/lib/guice-servlet-3.0.jar:/usr/hadoop/hadoop-2.7.4/share/hadoop/yarn/lib/jersey-client-1.9.jar:/usr/hadoop/hadoop-2.7.4/share/hadoop/yarn/lib/javax.inject-1.jar:/usr/hadoop/hadoop-2.7.4/share/hadoop/yarn/lib/guice-3.0.jar:/usr/hadoop/hadoop-2.7.4/share/hadoop/yarn/lib/xz-1.0.jar:/usr/hadoop/hadoop-2.7.4/share/hadoop/yarn/lib/jaxb-impl-2.2.3-1.jar:/usr/hadoop/hadoop-2.7.4/share/hadoop/yarn/lib/log4j-1.2.17.jar:/usr/hadoop/hadoop-2.7.4/share/hadoop/yarn/lib/leveldbjni-all-1.8.jar:/usr/hadoop/hadoop-2.7.4/share/hadoop/yarn/lib/jetty-util-6.1.26.jar:/usr/hadoop/hadoop-2.7.4/share/hadoop/yarn/lib/jackson-core-asl-1.9.13.jar:/usr/hadoop/hadoop-2.7.4/share/hadoop/yarn/lib/jettison-1.1.jar:/usr/hadoop/hadoop-2.7.4/share/hadoop/yarn/lib/jackson-mapper-asl-1.9.13.jar:/usr/hadoop/hadoop-2.7.4/share/hadoop/yarn/lib/netty-3.6.2.Final.jar:/usr/hadoop/hadoop-2.7.4/share/hadoop/yarn/lib/guava-11.0.2.jar:/usr/hadoop/hadoop-2.7.4/etc/hadoop/rm-config/log4j.properties
STARTUP_MSG:   build = https://shv@git-wip-us.apache.org/repos/asf/hadoop.git -r 18065c2b6806ed4aa6a3187d77cbe21bb3dba075; compiled by 'kshvachk' on 2017-12-16T01:06Z
STARTUP_MSG:   java = 1.8.0_161
************************************************************/
2021-05-05 00:32:58,267 INFO org.apache.hadoop.yarn.server.resourcemanager.ResourceManager: registered UNIX signal handlers for [TERM, HUP, INT]
2021-05-05 00:32:58,584 INFO org.apache.hadoop.conf.Configuration: found resource core-site.xml at file:/usr/hadoop/hadoop-2.7.4/etc/hadoop/core-site.xml
2021-05-05 00:32:58,715 WARN org.apache.hadoop.util.NativeCodeLoader: Unable to load native-hadoop library for your platform... using builtin-java classes where applicable
2021-05-05 00:32:58,771 INFO org.apache.hadoop.security.Groups: clearing userToGroupsMap cache
2021-05-05 00:32:58,826 INFO org.apache.hadoop.conf.Configuration: found resource yarn-site.xml at file:/usr/hadoop/hadoop-2.7.4/etc/hadoop/yarn-site.xml
2021-05-05 00:32:58,858 INFO org.apache.hadoop.yarn.event.AsyncDispatcher: Registering class org.apache.hadoop.yarn.server.resourcemanager.RMFatalEventType for class org.apache.hadoop.yarn.server.resourcemanager.ResourceManager$RMFatalEventDispatcher
2021-05-05 00:32:59,102 INFO org.apache.hadoop.yarn.server.resourcemanager.security.NMTokenSecretManagerInRM: NMTokenKeyRollingInterval: 86400000ms and NMTokenKeyActivationDelay: 900000ms
2021-05-05 00:32:59,108 INFO org.apache.hadoop.yarn.server.resourcemanager.security.RMContainerTokenSecretManager: ContainerTokenKeyRollingInterval: 86400000ms and ContainerTokenKeyActivationDelay: 900000ms
2021-05-05 00:32:59,116 INFO org.apache.hadoop.yarn.server.resourcemanager.security.AMRMTokenSecretManager: AMRMTokenKeyRollingInterval: 86400000ms and AMRMTokenKeyActivationDelay: 900000 ms
2021-05-05 00:32:59,156 INFO org.apache.hadoop.yarn.event.AsyncDispatcher: Registering class org.apache.hadoop.yarn.server.resourcemanager.recovery.RMStateStoreEventType for class org.apache.hadoop.yarn.server.resourcemanager.recovery.RMStateStore$ForwardingEventHandler
2021-05-05 00:32:59,158 INFO org.apache.hadoop.yarn.event.AsyncDispatcher: Registering class org.apache.hadoop.yarn.server.resourcemanager.NodesListManagerEventType for class org.apache.hadoop.yarn.server.resourcemanager.NodesListManager
2021-05-05 00:32:59,158 INFO org.apache.hadoop.yarn.server.resourcemanager.ResourceManager: Using Scheduler: org.apache.hadoop.yarn.server.resourcemanager.scheduler.capacity.CapacityScheduler
2021-05-05 00:32:59,176 INFO org.apache.hadoop.yarn.event.AsyncDispatcher: Registering class org.apache.hadoop.yarn.server.resourcemanager.scheduler.event.SchedulerEventType for class org.apache.hadoop.yarn.server.resourcemanager.ResourceManager$SchedulerEventDispatcher
2021-05-05 00:32:59,177 INFO org.apache.hadoop.yarn.event.AsyncDispatcher: Registering class org.apache.hadoop.yarn.server.resourcemanager.rmapp.RMAppEventType for class org.apache.hadoop.yarn.server.resourcemanager.ResourceManager$ApplicationEventDispatcher
2021-05-05 00:32:59,178 INFO org.apache.hadoop.yarn.event.AsyncDispatcher: Registering class org.apache.hadoop.yarn.server.resourcemanager.rmapp.attempt.RMAppAttemptEventType for class org.apache.hadoop.yarn.server.resourcemanager.ResourceManager$ApplicationAttemptEventDispatcher
2021-05-05 00:32:59,179 INFO org.apache.hadoop.yarn.event.AsyncDispatcher: Registering class org.apache.hadoop.yarn.server.resourcemanager.rmnode.RMNodeEventType for class org.apache.hadoop.yarn.server.resourcemanager.ResourceManager$NodeEventDispatcher
2021-05-05 00:32:59,241 INFO org.apache.hadoop.metrics2.impl.MetricsConfig: loaded properties from hadoop-metrics2.properties
2021-05-05 00:32:59,321 INFO org.apache.hadoop.metrics2.impl.MetricsSystemImpl: Scheduled snapshot period at 10 second(s).
2021-05-05 00:32:59,321 INFO org.apache.hadoop.metrics2.impl.MetricsSystemImpl: ResourceManager metrics system started
2021-05-05 00:32:59,348 INFO org.apache.hadoop.yarn.event.AsyncDispatcher: Registering class org.apache.hadoop.yarn.server.resourcemanager.RMAppManagerEventType for class org.apache.hadoop.yarn.server.resourcemanager.RMAppManager
2021-05-05 00:32:59,360 INFO org.apache.hadoop.yarn.event.AsyncDispatcher: Registering class org.apache.hadoop.yarn.server.resourcemanager.amlauncher.AMLauncherEventType for class org.apache.hadoop.yarn.server.resourcemanager.amlauncher.ApplicationMasterLauncher
2021-05-05 00:32:59,379 INFO org.apache.hadoop.yarn.server.resourcemanager.RMNMInfo: Registered RMNMInfo MBean
2021-05-05 00:32:59,382 INFO org.apache.hadoop.yarn.security.YarnAuthorizationProvider: org.apache.hadoop.yarn.security.ConfiguredYarnAuthorizer is instiantiated.
2021-05-05 00:32:59,383 INFO org.apache.hadoop.util.HostsFileReader: Refreshing hosts (include/exclude) list
2021-05-05 00:32:59,414 INFO org.apache.hadoop.conf.Configuration: found resource capacity-scheduler.xml at file:/usr/hadoop/hadoop-2.7.4/etc/hadoop/capacity-scheduler.xml
2021-05-05 00:32:59,527 INFO org.apache.hadoop.yarn.server.resourcemanager.scheduler.capacity.CapacitySchedulerConfiguration: max alloc mb per queue for root is undefined
2021-05-05 00:32:59,527 INFO org.apache.hadoop.yarn.server.resourcemanager.scheduler.capacity.CapacitySchedulerConfiguration: max alloc vcore per queue for root is undefined
2021-05-05 00:32:59,538 INFO org.apache.hadoop.yarn.server.resourcemanager.scheduler.capacity.ParentQueue: root, capacity=1.0, asboluteCapacity=1.0, maxCapacity=1.0, asboluteMaxCapacity=1.0, state=RUNNING, acls=ADMINISTER_QUEUE:*SUBMIT_APP:*, labels=*,
, reservationsContinueLooking=true
2021-05-05 00:32:59,538 INFO org.apache.hadoop.yarn.server.resourcemanager.scheduler.capacity.ParentQueue: Initialized parent-queue root name=root, fullname=root
2021-05-05 00:32:59,547 INFO org.apache.hadoop.yarn.server.resourcemanager.scheduler.capacity.CapacitySchedulerConfiguration: max alloc mb per queue for root.default is undefined
2021-05-05 00:32:59,547 INFO org.apache.hadoop.yarn.server.resourcemanager.scheduler.capacity.CapacitySchedulerConfiguration: max alloc vcore per queue for root.default is undefined
2021-05-05 00:32:59,549 INFO org.apache.hadoop.yarn.server.resourcemanager.scheduler.capacity.LeafQueue: Initializing default
capacity = 1.0 [= (float) configuredCapacity / 100 ]
asboluteCapacity = 1.0 [= parentAbsoluteCapacity * capacity ]
maxCapacity = 1.0 [= configuredMaxCapacity ]
absoluteMaxCapacity = 1.0 [= 1.0 maximumCapacity undefined, (parentAbsoluteMaxCapacity * maximumCapacity) / 100 otherwise ]
userLimit = 100 [= configuredUserLimit ]
userLimitFactor = 1.0 [= configuredUserLimitFactor ]
maxApplications = 10000 [= configuredMaximumSystemApplicationsPerQueue or (int)(configuredMaximumSystemApplications * absoluteCapacity)]
maxApplicationsPerUser = 10000 [= (int)(maxApplications * (userLimit / 100.0f) * userLimitFactor) ]
usedCapacity = 0.0 [= usedResourcesMemory / (clusterResourceMemory * absoluteCapacity)]
absoluteUsedCapacity = 0.0 [= usedResourcesMemory / clusterResourceMemory]
maxAMResourcePerQueuePercent = 0.1 [= configuredMaximumAMResourcePercent ]
minimumAllocationFactor = 0.875 [= (float)(maximumAllocationMemory - minimumAllocationMemory) / maximumAllocationMemory ]
maximumAllocation = <memory:8192, vCores:32> [= configuredMaxAllocation ]
numContainers = 0 [= currentNumContainers ]
state = RUNNING [= configuredState ]
acls = ADMINISTER_QUEUE:*SUBMIT_APP:* [= configuredAcls ]
nodeLocalityDelay = 40
labels=*,
nodeLocalityDelay = 40
reservationsContinueLooking = true
preemptionDisabled = true

2021-05-05 00:32:59,549 INFO org.apache.hadoop.yarn.server.resourcemanager.scheduler.capacity.CapacityScheduler: Initialized queue: default: capacity=1.0, absoluteCapacity=1.0, usedResources=<memory:0, vCores:0>, usedCapacity=0.0, absoluteUsedCapacity=0.0, numApps=0, numContainers=0
2021-05-05 00:32:59,550 INFO org.apache.hadoop.yarn.server.resourcemanager.scheduler.capacity.CapacityScheduler: Initialized queue: root: numChildQueue= 1, capacity=1.0, absoluteCapacity=1.0, usedResources=<memory:0, vCores:0>usedCapacity=0.0, numApps=0, numContainers=0
2021-05-05 00:32:59,550 INFO org.apache.hadoop.yarn.server.resourcemanager.scheduler.capacity.CapacityScheduler: Initialized root queue root: numChildQueue= 1, capacity=1.0, absoluteCapacity=1.0, usedResources=<memory:0, vCores:0>usedCapacity=0.0, numApps=0, numContainers=0
2021-05-05 00:32:59,550 INFO org.apache.hadoop.yarn.server.resourcemanager.scheduler.capacity.CapacityScheduler: Initialized queue mappings, override: false
2021-05-05 00:32:59,551 INFO org.apache.hadoop.yarn.server.resourcemanager.scheduler.capacity.CapacityScheduler: Initialized CapacityScheduler with calculator=class org.apache.hadoop.yarn.util.resource.DefaultResourceCalculator, minimumAllocation=<<memory:1024, vCores:1>>, maximumAllocation=<<memory:8192, vCores:32>>, asynchronousScheduling=false, asyncScheduleInterval=5ms
2021-05-05 00:32:59,564 INFO org.apache.hadoop.yarn.server.resourcemanager.metrics.SystemMetricsPublisher: YARN system metrics publishing service is not enabled
2021-05-05 00:32:59,564 INFO org.apache.hadoop.yarn.server.resourcemanager.ResourceManager: Transitioning to active state
2021-05-05 00:32:59,581 INFO org.apache.hadoop.yarn.server.resourcemanager.recovery.RMStateStore: Updating AMRMToken
2021-05-05 00:32:59,581 INFO org.apache.hadoop.yarn.server.resourcemanager.security.RMContainerTokenSecretManager: Rolling master-key for container-tokens
2021-05-05 00:32:59,582 INFO org.apache.hadoop.yarn.server.resourcemanager.security.NMTokenSecretManagerInRM: Rolling master-key for nm-tokens
2021-05-05 00:32:59,582 INFO org.apache.hadoop.security.token.delegation.AbstractDelegationTokenSecretManager: Updating the current master key for generating delegation tokens
2021-05-05 00:32:59,582 INFO org.apache.hadoop.yarn.server.resourcemanager.security.RMDelegationTokenSecretManager: storing master key with keyID 1
2021-05-05 00:32:59,583 INFO org.apache.hadoop.yarn.server.resourcemanager.recovery.RMStateStore: Storing RMDTMasterKey.
2021-05-05 00:32:59,584 INFO org.apache.hadoop.security.token.delegation.AbstractDelegationTokenSecretManager: Starting expired delegation token remover thread, tokenRemoverScanInterval=60 min(s)
2021-05-05 00:32:59,584 INFO org.apache.hadoop.security.token.delegation.AbstractDelegationTokenSecretManager: Updating the current master key for generating delegation tokens
2021-05-05 00:32:59,584 INFO org.apache.hadoop.yarn.server.resourcemanager.security.RMDelegationTokenSecretManager: storing master key with keyID 2
2021-05-05 00:32:59,585 INFO org.apache.hadoop.yarn.server.resourcemanager.recovery.RMStateStore: Storing RMDTMasterKey.
2021-05-05 00:32:59,587 INFO org.apache.hadoop.yarn.event.AsyncDispatcher: Registering class org.apache.hadoop.yarn.nodelabels.event.NodeLabelsStoreEventType for class org.apache.hadoop.yarn.nodelabels.CommonNodeLabelsManager$ForwardingEventHandler
2021-05-05 00:32:59,623 INFO org.apache.hadoop.ipc.CallQueueManager: Using callQueue: class java.util.concurrent.LinkedBlockingQueue queueCapacity: 5000
2021-05-05 00:32:59,640 INFO org.apache.hadoop.ipc.Server: Starting Socket Reader #1 for port 8031
2021-05-05 00:32:59,817 INFO org.apache.hadoop.yarn.factories.impl.pb.RpcServerFactoryPBImpl: Adding protocol org.apache.hadoop.yarn.server.api.ResourceTrackerPB to the server
2021-05-05 00:32:59,818 INFO org.apache.hadoop.ipc.Server: IPC Server Responder: starting
2021-05-05 00:32:59,819 INFO org.apache.hadoop.ipc.Server: IPC Server listener on 8031: starting
2021-05-05 00:32:59,881 INFO org.apache.hadoop.ipc.CallQueueManager: Using callQueue: class java.util.concurrent.LinkedBlockingQueue queueCapacity: 5000
2021-05-05 00:32:59,889 INFO org.apache.hadoop.ipc.Server: Starting Socket Reader #1 for port 8030
2021-05-05 00:32:59,906 INFO org.apache.hadoop.yarn.factories.impl.pb.RpcServerFactoryPBImpl: Adding protocol org.apache.hadoop.yarn.api.ApplicationMasterProtocolPB to the server
2021-05-05 00:32:59,906 INFO org.apache.hadoop.ipc.Server: IPC Server Responder: starting
2021-05-05 00:32:59,906 INFO org.apache.hadoop.ipc.Server: IPC Server listener on 8030: starting
2021-05-05 00:32:59,967 INFO org.apache.hadoop.ipc.CallQueueManager: Using callQueue: class java.util.concurrent.LinkedBlockingQueue queueCapacity: 5000
2021-05-05 00:32:59,968 INFO org.apache.hadoop.ipc.Server: Starting Socket Reader #1 for port 8032
2021-05-05 00:32:59,975 INFO org.apache.hadoop.yarn.factories.impl.pb.RpcServerFactoryPBImpl: Adding protocol org.apache.hadoop.yarn.api.ApplicationClientProtocolPB to the server
2021-05-05 00:32:59,976 INFO org.apache.hadoop.ipc.Server: IPC Server Responder: starting
2021-05-05 00:32:59,976 INFO org.apache.hadoop.ipc.Server: IPC Server listener on 8032: starting
2021-05-05 00:32:59,982 INFO org.apache.hadoop.yarn.server.resourcemanager.ResourceManager: Transitioned to active state
2021-05-05 00:33:00,244 INFO org.mortbay.log: Logging to org.slf4j.impl.Log4jLoggerAdapter(org.mortbay.log) via org.mortbay.log.Slf4jLog
2021-05-05 00:33:00,254 INFO org.apache.hadoop.security.authentication.server.AuthenticationFilter: Unable to initialize FileSignerSecretProvider, falling back to use random secrets.
2021-05-05 00:33:00,285 INFO org.apache.hadoop.http.HttpRequestLog: Http request log for http.requests.resourcemanager is not defined
2021-05-05 00:33:00,300 INFO org.apache.hadoop.http.HttpServer2: Added global filter 'safety' (class=org.apache.hadoop.http.HttpServer2$QuotingInputFilter)
2021-05-05 00:33:00,306 INFO org.apache.hadoop.http.HttpServer2: Added filter RMAuthenticationFilter (class=org.apache.hadoop.yarn.server.security.http.RMAuthenticationFilter) to context cluster
2021-05-05 00:33:00,307 INFO org.apache.hadoop.http.HttpServer2: Added filter RMAuthenticationFilter (class=org.apache.hadoop.yarn.server.security.http.RMAuthenticationFilter) to context logs
2021-05-05 00:33:00,307 INFO org.apache.hadoop.http.HttpServer2: Added filter RMAuthenticationFilter (class=org.apache.hadoop.yarn.server.security.http.RMAuthenticationFilter) to context static
2021-05-05 00:33:00,307 INFO org.apache.hadoop.http.HttpServer2: Added filter static_user_filter (class=org.apache.hadoop.http.lib.StaticUserWebFilter$StaticUserFilter) to context cluster
2021-05-05 00:33:00,307 INFO org.apache.hadoop.http.HttpServer2: Added filter static_user_filter (class=org.apache.hadoop.http.lib.StaticUserWebFilter$StaticUserFilter) to context logs
2021-05-05 00:33:00,308 INFO org.apache.hadoop.http.HttpServer2: Added filter static_user_filter (class=org.apache.hadoop.http.lib.StaticUserWebFilter$StaticUserFilter) to context static
2021-05-05 00:33:00,312 INFO org.apache.hadoop.http.HttpServer2: adding path spec: /cluster/*
2021-05-05 00:33:00,313 INFO org.apache.hadoop.http.HttpServer2: adding path spec: /ws/*
2021-05-05 00:33:00,930 INFO org.apache.hadoop.yarn.webapp.WebApps: Registered webapp guice modules
2021-05-05 00:33:00,934 INFO org.apache.hadoop.http.HttpServer2: Jetty bound to port 8088
2021-05-05 00:33:00,934 INFO org.mortbay.log: jetty-6.1.26
2021-05-05 00:33:00,981 INFO org.mortbay.log: Extract jar:file:/usr/hadoop/hadoop-2.7.4/share/hadoop/yarn/hadoop-yarn-common-2.7.5.jar!/webapps/cluster to /tmp/Jetty_0_0_0_0_8088_cluster____u0rgz3/webapp
2021-05-05 00:33:01,272 INFO org.apache.hadoop.security.token.delegation.AbstractDelegationTokenSecretManager: Updating the current master key for generating delegation tokens
2021-05-05 00:33:01,285 INFO org.apache.hadoop.security.token.delegation.AbstractDelegationTokenSecretManager: Starting expired delegation token remover thread, tokenRemoverScanInterval=60 min(s)
2021-05-05 00:33:01,285 INFO org.apache.hadoop.security.token.delegation.AbstractDelegationTokenSecretManager: Updating the current master key for generating delegation tokens
2021-05-05 00:33:03,012 INFO org.mortbay.log: Started HttpServer2$SelectChannelConnectorWithSafeStartup@0.0.0.0:8088
2021-05-05 00:33:03,013 INFO org.apache.hadoop.yarn.webapp.WebApps: Web app cluster started at 8088
2021-05-05 00:33:03,074 INFO org.apache.hadoop.ipc.CallQueueManager: Using callQueue: class java.util.concurrent.LinkedBlockingQueue queueCapacity: 100
2021-05-05 00:33:03,074 INFO org.apache.hadoop.ipc.Server: Starting Socket Reader #1 for port 8033
2021-05-05 00:33:03,082 INFO org.apache.hadoop.yarn.factories.impl.pb.RpcServerFactoryPBImpl: Adding protocol org.apache.hadoop.yarn.server.api.ResourceManagerAdministrationProtocolPB to the server
2021-05-05 00:33:03,083 INFO org.apache.hadoop.ipc.Server: IPC Server Responder: starting
2021-05-05 00:33:03,083 INFO org.apache.hadoop.ipc.Server: IPC Server listener on 8033: starting
2021-05-05 00:33:04,543 INFO org.apache.hadoop.yarn.util.RackResolver: Resolved ccfc7f280e8e to /default-rack
2021-05-05 00:33:04,547 INFO org.apache.hadoop.yarn.server.resourcemanager.ResourceTrackerService: NodeManager from node ccfc7f280e8e(cmPort: 46515 httpPort: 8042) registered with capability: <memory:8192, vCores:8>, assigned nodeId ccfc7f280e8e:46515
2021-05-05 00:33:04,550 INFO org.apache.hadoop.yarn.server.resourcemanager.rmnode.RMNodeImpl: ccfc7f280e8e:46515 Node Transitioned from NEW to RUNNING
2021-05-05 00:33:04,558 INFO org.apache.hadoop.yarn.server.resourcemanager.scheduler.capacity.CapacityScheduler: Added node ccfc7f280e8e:46515 clusterResource: <memory:8192, vCores:8>
2021-05-05 00:42:59,413 INFO org.apache.hadoop.yarn.server.resourcemanager.scheduler.AbstractYarnScheduler: Release request cache is cleaned up
